True
0
ApproxNeuraLCBV2-net has 801 parameters.
True
0
ApproxNeuraLCBV2-net has 801 parameters.
start
True
0
RuLSIF starting...
Searching for the optimal sigma and lambda...
sigma = 0.00100, lambda = 0.00100, score = -0.00000
sigma = 0.00100, lambda = 0.01000, score = -0.00000
sigma = 0.00100, lambda = 0.10000, score = 0.00000
sigma = 0.00100, lambda = 1.00000, score = 0.00000
sigma = 0.00100, lambda = 10.00000, score = 0.00000
sigma = 0.00100, lambda = 100.00000, score = 0.00000
sigma = 0.00100, lambda = 1000.00000, score = 0.00000
sigma = 0.00100, lambda = 10000.00000, score = -0.00000
sigma = 0.00100, lambda = 100000.00000, score = 0.00000
sigma = 0.00100, lambda = 1000000.00000, score = 0.00000
sigma = 0.00100, lambda = 10000000.00000, score = 0.00000
sigma = 0.00100, lambda = 100000000.00000, score = 0.00000
sigma = 0.00100, lambda = 1000000000.00000, score = 0.00000
sigma = 0.01000, lambda = 0.00100, score = 0.00001
sigma = 0.01000, lambda = 0.01000, score = 0.00000
sigma = 0.01000, lambda = 0.10000, score = 0.00000
sigma = 0.01000, lambda = 1.00000, score = 0.00000
sigma = 0.01000, lambda = 10.00000, score = 0.00000
sigma = 0.01000, lambda = 100.00000, score = 0.00000
sigma = 0.01000, lambda = 1000.00000, score = 0.00000
sigma = 0.01000, lambda = 10000.00000, score = 0.00000
sigma = 0.01000, lambda = 100000.00000, score = 0.00000
sigma = 0.01000, lambda = 1000000.00000, score = 0.00000
sigma = 0.01000, lambda = 10000000.00000, score = 0.00000
sigma = 0.01000, lambda = 100000000.00000, score = 0.00000
sigma = 0.01000, lambda = 1000000000.00000, score = 0.00000
sigma = 0.10000, lambda = 0.00100, score = 11.33025
sigma = 0.10000, lambda = 0.01000, score = -0.01125
sigma = 0.10000, lambda = 0.10000, score = -0.01392
sigma = 0.10000, lambda = 1.00000, score = -0.00153
sigma = 0.10000, lambda = 10.00000, score = -0.00015
sigma = 0.10000, lambda = 100.00000, score = -0.00002
sigma = 0.10000, lambda = 1000.00000, score = -0.00000
sigma = 0.10000, lambda = 10000.00000, score = -0.00000
sigma = 0.10000, lambda = 100000.00000, score = -0.00000
sigma = 0.10000, lambda = 1000000.00000, score = -0.00000
sigma = 0.10000, lambda = 10000000.00000, score = -0.00000
sigma = 0.10000, lambda = 100000000.00000, score = -0.00000
sigma = 0.10000, lambda = 1000000000.00000, score = -0.00000
sigma = 1.00000, lambda = 0.00100, score = 383.39114
sigma = 1.00000, lambda = 0.01000, score = 11.85184
sigma = 1.00000, lambda = 0.10000, score = -0.18051
sigma = 1.00000, lambda = 1.00000, score = -0.55250
sigma = 1.00000, lambda = 10.00000, score = -0.42886
sigma = 1.00000, lambda = 100.00000, score = -0.11431
sigma = 1.00000, lambda = 1000.00000, score = -0.01347
sigma = 1.00000, lambda = 10000.00000, score = -0.00137
sigma = 1.00000, lambda = 100000.00000, score = -0.00014
sigma = 1.00000, lambda = 1000000.00000, score = -0.00001
sigma = 1.00000, lambda = 10000000.00000, score = -0.00000
sigma = 1.00000, lambda = 100000000.00000, score = -0.00000
sigma = 1.00000, lambda = 1000000000.00000, score = -0.00000
sigma = 10.00000, lambda = 0.00100, score = 228.45847
sigma = 10.00000, lambda = 0.01000, score = 3.68979
sigma = 10.00000, lambda = 0.10000, score = -0.49927
sigma = 10.00000, lambda = 1.00000, score = -0.50032
sigma = 10.00000, lambda = 10.00000, score = -0.49434
sigma = 10.00000, lambda = 100.00000, score = -0.35755
sigma = 10.00000, lambda = 1000.00000, score = -0.07760
sigma = 10.00000, lambda = 10000.00000, score = -0.00869
sigma = 10.00000, lambda = 100000.00000, score = -0.00088
sigma = 10.00000, lambda = 1000000.00000, score = -0.00009
sigma = 10.00000, lambda = 10000000.00000, score = -0.00001
sigma = 10.00000, lambda = 100000000.00000, score = -0.00000
sigma = 10.00000, lambda = 1000000000.00000, score = -0.00000
sigma = 100.00000, lambda = 0.00100, score = -0.49780
sigma = 100.00000, lambda = 0.01000, score = -0.49995
sigma = 100.00000, lambda = 0.10000, score = -0.49993
sigma = 100.00000, lambda = 1.00000, score = -0.49977
sigma = 100.00000, lambda = 10.00000, score = -0.49408
sigma = 100.00000, lambda = 100.00000, score = -0.36016
sigma = 100.00000, lambda = 1000.00000, score = -0.07907
sigma = 100.00000, lambda = 10000.00000, score = -0.00888
sigma = 100.00000, lambda = 100000.00000, score = -0.00090
sigma = 100.00000, lambda = 1000000.00000, score = -0.00009
sigma = 100.00000, lambda = 10000000.00000, score = -0.00001
sigma = 100.00000, lambda = 100000000.00000, score = -0.00000
sigma = 100.00000, lambda = 1000000000.00000, score = -0.00000
sigma = 1000.00000, lambda = 0.00100, score = -0.49994
sigma = 1000.00000, lambda = 0.01000, score = -0.49994
sigma = 1000.00000, lambda = 0.10000, score = -0.49993
sigma = 1000.00000, lambda = 1.00000, score = -0.49977
sigma = 1000.00000, lambda = 10.00000, score = -0.49408
sigma = 1000.00000, lambda = 100.00000, score = -0.36019
sigma = 1000.00000, lambda = 1000.00000, score = -0.07909
sigma = 1000.00000, lambda = 10000.00000, score = -0.00888
sigma = 1000.00000, lambda = 100000.00000, score = -0.00090
sigma = 1000.00000, lambda = 1000000.00000, score = -0.00009
sigma = 1000.00000, lambda = 10000000.00000, score = -0.00001
sigma = 1000.00000, lambda = 100000000.00000, score = -0.00000
sigma = 1000.00000, lambda = 1000000000.00000, score = -0.00000
sigma = 10000.00000, lambda = 0.00100, score = -0.49994
sigma = 10000.00000, lambda = 0.01000, score = -0.49994
sigma = 10000.00000, lambda = 0.10000, score = -0.49993
sigma = 10000.00000, lambda = 1.00000, score = -0.49977
sigma = 10000.00000, lambda = 10.00000, score = -0.49408
sigma = 10000.00000, lambda = 100.00000, score = -0.36019
sigma = 10000.00000, lambda = 1000.00000, score = -0.07909
sigma = 10000.00000, lambda = 10000.00000, score = -0.00888
sigma = 10000.00000, lambda = 100000.00000, score = -0.00090
sigma = 10000.00000, lambda = 1000000.00000, score = -0.00009
sigma = 10000.00000, lambda = 10000000.00000, score = -0.00001
sigma = 10000.00000, lambda = 100000000.00000, score = -0.00000
sigma = 10000.00000, lambda = 1000000000.00000, score = -0.00000
sigma = 100000.00000, lambda = 0.00100, score = -0.49994
sigma = 100000.00000, lambda = 0.01000, score = -0.49994
sigma = 100000.00000, lambda = 0.10000, score = -0.49993
sigma = 100000.00000, lambda = 1.00000, score = -0.49977
sigma = 100000.00000, lambda = 10.00000, score = -0.49408
sigma = 100000.00000, lambda = 100.00000, score = -0.36019
sigma = 100000.00000, lambda = 1000.00000, score = -0.07909
sigma = 100000.00000, lambda = 10000.00000, score = -0.00888
sigma = 100000.00000, lambda = 100000.00000, score = -0.00090
sigma = 100000.00000, lambda = 1000000.00000, score = -0.00009
sigma = 100000.00000, lambda = 10000000.00000, score = -0.00001
sigma = 100000.00000, lambda = 100000000.00000, score = -0.00000
sigma = 100000.00000, lambda = 1000000000.00000, score = -0.00000
sigma = 1000000.00000, lambda = 0.00100, score = -0.49994
sigma = 1000000.00000, lambda = 0.01000, score = -0.49994
sigma = 1000000.00000, lambda = 0.10000, score = -0.49993
sigma = 1000000.00000, lambda = 1.00000, score = -0.49977
sigma = 1000000.00000, lambda = 10.00000, score = -0.49408
sigma = 1000000.00000, lambda = 100.00000, score = -0.36019
sigma = 1000000.00000, lambda = 1000.00000, score = -0.07909
sigma = 1000000.00000, lambda = 10000.00000, score = -0.00888
sigma = 1000000.00000, lambda = 100000.00000, score = -0.00090
sigma = 1000000.00000, lambda = 1000000.00000, score = -0.00009
sigma = 1000000.00000, lambda = 10000000.00000, score = -0.00001
sigma = 1000000.00000, lambda = 100000000.00000, score = -0.00000
sigma = 1000000.00000, lambda = 1000000000.00000, score = -0.00000
sigma = 10000000.00000, lambda = 0.00100, score = -0.49994
sigma = 10000000.00000, lambda = 0.01000, score = -0.49994
sigma = 10000000.00000, lambda = 0.10000, score = -0.49993
sigma = 10000000.00000, lambda = 1.00000, score = -0.49977
sigma = 10000000.00000, lambda = 10.00000, score = -0.49408
sigma = 10000000.00000, lambda = 100.00000, score = -0.36019
sigma = 10000000.00000, lambda = 1000.00000, score = -0.07909
sigma = 10000000.00000, lambda = 10000.00000, score = -0.00888
sigma = 10000000.00000, lambda = 100000.00000, score = -0.00090
sigma = 10000000.00000, lambda = 1000000.00000, score = -0.00009
sigma = 10000000.00000, lambda = 10000000.00000, score = -0.00001True
0
RuLSIF starting...
Searching for the optimal sigma and lambda...
sigma = 0.00100, lambda = 0.00100, score = -0.00000
sigma = 0.00100, lambda = 0.01000, score = -0.00000
sigma = 0.00100, lambda = 0.10000, score = 0.00000
sigma = 0.00100, lambda = 1.00000, score = 0.00000
sigma = 0.00100, lambda = 10.00000, score = 0.00000
sigma = 0.00100, lambda = 100.00000, score = 0.00000
sigma = 0.00100, lambda = 1000.00000, score = 0.00000
sigma = 0.00100, lambda = 10000.00000, score = -0.00000
sigma = 0.00100, lambda = 100000.00000, score = 0.00000
sigma = 0.00100, lambda = 1000000.00000, score = 0.00000
sigma = 0.00100, lambda = 10000000.00000, score = 0.00000
sigma = 0.00100, lambda = 100000000.00000, score = 0.00000
sigma = 0.00100, lambda = 1000000000.00000, score = 0.00000
sigma = 0.01000, lambda = 0.00100, score = -0.00000
sigma = 0.01000, lambda = 0.01000, score = -0.00000
sigma = 0.01000, lambda = 0.10000, score = -0.00000
sigma = 0.01000, lambda = 1.00000, score = -0.00000
sigma = 0.01000, lambda = 10.00000, score = -0.00000
sigma = 0.01000, lambda = 100.00000, score = -0.00000
sigma = 0.01000, lambda = 1000.00000, score = -0.00000
sigma = 0.01000, lambda = 10000.00000, score = -0.00000
sigma = 0.01000, lambda = 100000.00000, score = -0.00000
sigma = 0.01000, lambda = 1000000.00000, score = -0.00000
sigma = 0.01000, lambda = 10000000.00000, score = -0.00000
sigma = 0.01000, lambda = 100000000.00000, score = -0.00000
sigma = 0.01000, lambda = 1000000000.00000, score = -0.00000
sigma = 0.10000, lambda = 0.00100, score = 3.44406
sigma = 0.10000, lambda = 0.01000, score = -0.04806
sigma = 0.10000, lambda = 0.10000, score = -0.01207
sigma = 0.10000, lambda = 1.00000, score = -0.00131
sigma = 0.10000, lambda = 10.00000, score = -0.00013
sigma = 0.10000, lambda = 100.00000, score = -0.00001
sigma = 0.10000, lambda = 1000.00000, score = -0.00000
sigma = 0.10000, lambda = 10000.00000, score = -0.00000
sigma = 0.10000, lambda = 100000.00000, score = -0.00000
sigma = 0.10000, lambda = 1000000.00000, score = -0.00000
sigma = 0.10000, lambda = 10000000.00000, score = -0.00000
sigma = 0.10000, lambda = 100000000.00000, score = -0.00000
sigma = 0.10000, lambda = 1000000000.00000, score = -0.00000
sigma = 1.00000, lambda = 0.00100, score = 272.83656
sigma = 1.00000, lambda = 0.01000, score = 9.83233
sigma = 1.00000, lambda = 0.10000, score = -0.39445
sigma = 1.00000, lambda = 1.00000, score = -0.51295
sigma = 1.00000, lambda = 10.00000, score = -0.39650
sigma = 1.00000, lambda = 100.00000, score = -0.10356
sigma = 1.00000, lambda = 1000.00000, score = -0.01212
sigma = 1.00000, lambda = 10000.00000, score = -0.00123
sigma = 1.00000, lambda = 100000.00000, score = -0.00012
sigma = 1.00000, lambda = 1000000.00000, score = -0.00001
sigma = 1.00000, lambda = 10000000.00000, score = -0.00000
sigma = 1.00000, lambda = 100000000.00000, score = -0.00000
sigma = 1.00000, lambda = 1000000000.00000, score = -0.00000
sigma = 10.00000, lambda = 0.00100, score = 232.04542
sigma = 10.00000, lambda = 0.01000, score = 3.26176
sigma = 10.00000, lambda = 0.10000, score = -0.49881
sigma = 10.00000, lambda = 1.00000, score = -0.49982
sigma = 10.00000, lambda = 10.00000, score = -0.49388
sigma = 10.00000, lambda = 100.00000, score = -0.35719
sigma = 10.00000, lambda = 1000.00000, score = -0.07751
sigma = 10.00000, lambda = 10000.00000, score = -0.00868
sigma = 10.00000, lambda = 100000.00000, score = -0.00088
sigma = 10.00000, lambda = 1000000.00000, score = -0.00009
sigma = 10.00000, lambda = 10000000.00000, score = -0.00001
sigma = 10.00000, lambda = 100000000.00000, score = -0.00000
sigma = 10.00000, lambda = 1000000000.00000, score = -0.00000
sigma = 100.00000, lambda = 0.00100, score = -0.49801
sigma = 100.00000, lambda = 0.01000, score = -0.49994
sigma = 100.00000, lambda = 0.10000, score = -0.49993
sigma = 100.00000, lambda = 1.00000, score = -0.49977
sigma = 100.00000, lambda = 10.00000, score = -0.49408
sigma = 100.00000, lambda = 100.00000, score = -0.36016
sigma = 100.00000, lambda = 1000.00000, score = -0.07907
sigma = 100.00000, lambda = 10000.00000, score = -0.00888
sigma = 100.00000, lambda = 100000.00000, score = -0.00090
sigma = 100.00000, lambda = 1000000.00000, score = -0.00009
sigma = 100.00000, lambda = 10000000.00000, score = -0.00001
sigma = 100.00000, lambda = 100000000.00000, score = -0.00000
sigma = 100.00000, lambda = 1000000000.00000, score = -0.00000
sigma = 1000.00000, lambda = 0.00100, score = -0.49994
sigma = 1000.00000, lambda = 0.01000, score = -0.49994
sigma = 1000.00000, lambda = 0.10000, score = -0.49993
sigma = 1000.00000, lambda = 1.00000, score = -0.49977
sigma = 1000.00000, lambda = 10.00000, score = -0.49408
sigma = 1000.00000, lambda = 100.00000, score = -0.36019
sigma = 1000.00000, lambda = 1000.00000, score = -0.07909
sigma = 1000.00000, lambda = 10000.00000, score = -0.00888
sigma = 1000.00000, lambda = 100000.00000, score = -0.00090
sigma = 1000.00000, lambda = 1000000.00000, score = -0.00009
sigma = 1000.00000, lambda = 10000000.00000, score = -0.00001
sigma = 1000.00000, lambda = 100000000.00000, score = -0.00000
sigma = 1000.00000, lambda = 1000000000.00000, score = -0.00000
sigma = 10000.00000, lambda = 0.00100, score = -0.49994
sigma = 10000.00000, lambda = 0.01000, score = -0.49994
sigma = 10000.00000, lambda = 0.10000, score = -0.49993
sigma = 10000.00000, lambda = 1.00000, score = -0.49977
sigma = 10000.00000, lambda = 10.00000, score = -0.49408
sigma = 10000.00000, lambda = 100.00000, score = -0.36019
sigma = 10000.00000, lambda = 1000.00000, score = -0.07909
sigma = 10000.00000, lambda = 10000.00000, score = -0.00888
sigma = 10000.00000, lambda = 100000.00000, score = -0.00090
sigma = 10000.00000, lambda = 1000000.00000, score = -0.00009
sigma = 10000.00000, lambda = 10000000.00000, score = -0.00001
sigma = 10000.00000, lambda = 100000000.00000, score = -0.00000
sigma = 10000.00000, lambda = 1000000000.00000, score = -0.00000
sigma = 100000.00000, lambda = 0.00100, score = -0.49994
sigma = 100000.00000, lambda = 0.01000, score = -0.49994
sigma = 100000.00000, lambda = 0.10000, score = -0.49993
sigma = 100000.00000, lambda = 1.00000, score = -0.49977
sigma = 100000.00000, lambda = 10.00000, score = -0.49408
sigma = 100000.00000, lambda = 100.00000, score = -0.36019
sigma = 100000.00000, lambda = 1000.00000, score = -0.07909
sigma = 100000.00000, lambda = 10000.00000, score = -0.00888
sigma = 100000.00000, lambda = 100000.00000, score = -0.00090
sigma = 100000.00000, lambda = 1000000.00000, score = -0.00009
sigma = 100000.00000, lambda = 10000000.00000, score = -0.00001
sigma = 100000.00000, lambda = 100000000.00000, score = -0.00000
sigma = 100000.00000, lambda = 1000000000.00000, score = -0.00000
sigma = 1000000.00000, lambda = 0.00100, score = -0.49994
sigma = 1000000.00000, lambda = 0.01000, score = -0.49994
sigma = 1000000.00000, lambda = 0.10000, score = -0.49993
sigma = 1000000.00000, lambda = 1.00000, score = -0.49977
sigma = 1000000.00000, lambda = 10.00000, score = -0.49408
sigma = 1000000.00000, lambda = 100.00000, score = -0.36019
sigma = 1000000.00000, lambda = 1000.00000, score = -0.07909
sigma = 1000000.00000, lambda = 10000.00000, score = -0.00888
sigma = 1000000.00000, lambda = 100000.00000, score = -0.00090
sigma = 1000000.00000, lambda = 1000000.00000, score = -0.00009
sigma = 1000000.00000, lambda = 10000000.00000, score = -0.00001
sigma = 1000000.00000, lambda = 100000000.00000, score = -0.00000
sigma = 1000000.00000, lambda = 1000000000.00000, score = -0.00000
sigma = 10000000.00000, lambda = 0.00100, score = -0.49994
sigma = 10000000.00000, lambda = 0.01000, score = -0.49994
sigma = 10000000.00000, lambda = 0.10000, score = -0.49993
sigma = 10000000.00000, lambda = 1.00000, score = -0.49977
sigma = 10000000.00000, lambda = 10.00000, score = -0.49408
sigma = 10000000.00000, lambda = 100.00000, score = -0.36019
sigma = 10000000.00000, lambda = 1000.00000, score = -0.07909
sigma = 10000000.00000, lambda = 10000.00000, score = -0.00888
sigma = 10000000.00000, lambda = 100000.00000, score = -0.00090
sigma = 10000000.00000, lambda = 1000000.00000, score = -0.00009
sigma = 10000000.00000, lambda = 10000000.00000, score = -0.00001
sigma = 10000000.00000, lambda = 100000000.00000, score = -0.00000
sigma = 10000000.00000, lambda = 1000000000.00000, score = -0.00000
sigma = 100000000.00000, lambda = 0.00100, score = -0.49994
sigma = 100000000.00000, lambda = 0.01000, score = -0.49994
sigma = 100000000.00000, lambda = 0.10000, score = -0.49993
sigma = 100000000.00000, lambda = 1.00000, score = -0.49977
sigma = 100000000.00000, lambda = 10.00000, score = -0.49408
sigma = 100000000.00000, lambda = 100.00000, score = -0.36019
sigma = 100000000.00000, lambda = 1000.00000, score = -0.07909
sigma = 100000000.00000, lambda = 10000.00000, score = -0.00888
sigma = 100000000.00000, lambda = 100000.00000, score = -0.00090
sigma = 100000000.00000, lambda = 1000000.00000, score = -0.00009
sigma = 100000000.00000, lambda = 10000000.00000, score = -0.00001
sigma = 100000000.00000, lambda = 100000000.00000, score = -0.00000
sigma = 100000000.00000, lambda = 1000000000.00000, score = -0.00000
sigma = 1000000000.00000, lambda = 0.00100, score = -0.49994
sigma = 1000000000.00000, lambda = 0.01000, score = -0.49994
sigma = 1000000000.00000, lambda = 0.10000, score = -0.49993
sigma = 1000000000.00000, lambda = 1.00000, score = -0.49977
sigma = 1000000000.00000, lambda = 10.00000, score = -0.49408
sigma = 1000000000.00000, lambda = 100.00000, score = -0.36019
sigma = 1000000000.00000, lambda = 1000.00000, score = -0.07909
sigma = 1000000000.00000, lambda = 10000.00000, score = -0.00888
sigma = 1000000000.00000, lambda = 100000.00000, score = -0.00090
sigma = 1000000000.00000, lambda = 1000000.00000, score = -0.00009
sigma = 1000000000.00000, lambda = 10000000.00000, score = -0.00001
sigma = 1000000000.00000, lambda = 100000000.00000, score = -0.00000
sigma = 1000000000.00000, lambda = 1000000000.00000, score = -0.00000
Found optimal sigma = 1.000, lambda = 1.000.
Optimizing theta...
Approximate alpha-relative PE-divergence = 0.24
Approximate alpha-relative KL-divergence = 0.03
RuLSIF completed.
RuLSIF starting...
Searching for the optimal sigma and lambda...
sigma = 0.00100, lambda = 0.00100, score = -0.00000
sigma = 0.00100, lambda = 0.01000, score = -0.00000
sigma = 0.00100, lambda = 0.10000, score = -0.00000
sigma = 0.00100, lambda = 1.00000, score = 0.00000
sigma = 0.00100, lambda = 10.00000, score = 0.00000
sigma = 0.00100, lambda = 100.00000, score = 0.00000
sigma = 0.00100, lambda = 1000.00000, score = 0.00000
sigma = 0.00100, lambda = 10000.00000, score = -0.00000
sigma = 0.00100, lambda = 100000.00000, score = 0.00000
sigma = 0.00100, lambda = 1000000.00000, score = -0.00000
sigma = 0.00100, lambda = 10000000.00000, score = -0.00000
sigma = 0.00100, lambda = 100000000.00000, score = 0.00000
sigma = 0.00100, lambda = 1000000000.00000, score = 0.00000
sigma = 0.01000, lambda = 0.00100, score = 0.00000
sigma = 0.01000, lambda = 0.01000, score = 0.00000
sigma = 0.01000, lambda = 0.10000, score = -0.00000
sigma = 0.01000, lambda = 1.00000, score = 0.00000
sigma = 0.01000, lambda = 10.00000, score = 0.00000
sigma = 0.01000, lambda = 100.00000, score = 0.00000
sigma = 0.01000, lambda = 1000.00000, score = 0.00000
sigma = 0.01000, lambda = 10000.00000, score = -0.00000
sigma = 0.01000, lambda = 100000.00000, score = 0.00000
sigma = 0.01000, lambda = 1000000.00000, score = -0.00000
sigma = 0.01000, lambda = 10000000.00000, score = -0.00000
sigma = 0.01000, lambda = 100000000.00000, score = 0.00000
sigma = 0.01000, lambda = 1000000000.00000, score = 0.00000
sigma = 0.10000, lambda = 0.00100, score = 16.67355
sigma = 0.10000, lambda = 0.01000, score = 0.14933
sigma = 0.10000, lambda = 0.10000, score = -0.00576
sigma = 0.10000, lambda = 1.00000, score = -0.00089
sigma = 0.10000, lambda = 10.00000, score = -0.00009
sigma = 0.10000, lambda = 100.00000, score = -0.00001
sigma = 0.10000, lambda = 1000.00000, score = -0.00000
sigma = 0.10000, lambda = 10000.00000, score = -0.00000
sigma = 0.10000, lambda = 100000.00000, score = -0.00000
sigma = 0.10000, lambda = 1000000.00000, score = -0.00000
sigma = 0.10000, lambda = 10000000.00000, score = -0.00000
sigma = 0.10000, lambda = 100000000.00000, score = -0.00000
sigma = 0.10000, lambda = 1000000000.00000, score = -0.00000
sigma = 1.00000, lambda = 0.00100, score = 505.82027
sigma = 1.00000, lambda = 0.01000, score = 15.71394
sigma = 1.00000, lambda = 0.10000, score = -0.16867
sigma = 1.00000, lambda = 1.00000, score = -0.47987
sigma = 1.00000, lambda = 10.00000, score = -0.40018
sigma = 1.00000, lambda = 100.00000, score = -0.10614
sigma = 1.00000, lambda = 1000.00000, score = -0.01245
sigma = 1.00000, lambda = 10000.00000, score = -0.00127
sigma = 1.00000, lambda = 100000.00000, score = -0.00013
sigma = 1.00000, lambda = 1000000.00000, score = -0.00001
sigma = 1.00000, lambda = 10000000.00000, score = -0.00000
sigma = 1.00000, lambda = 100000000.00000, score = -0.00000
sigma = 1.00000, lambda = 1000000000.00000, score = -0.00000
sigma = 10.00000, lambda = 0.00100, score = 183.06441
sigma = 10.00000, lambda = 0.01000, score = 2.93732
sigma = 10.00000, lambda = 0.10000, score = -0.49952
sigma = 10.00000, lambda = 1.00000, score = -0.49983
sigma = 10.00000, lambda = 10.00000, score = -0.49403
sigma = 10.00000, lambda = 100.00000, score = -0.35865
sigma = 10.00000, lambda = 1000.00000, score = -0.07825
sigma = 10.00000, lambda = 10000.00000, score = -0.00877
sigma = 10.00000, lambda = 100000.00000, score = -0.00089
sigma = 10.00000, lambda = 1000000.00000, score = -0.00009
sigma = 10.00000, lambda = 10000000.00000, score = -0.00001
sigma = 10.00000, lambda = 100000000.00000, score = -0.00000
sigma = 10.00000, lambda = 1000000000.00000, score = -0.00000
sigma = 100.00000, lambda = 0.00100, score = -0.49912
sigma = 100.00000, lambda = 0.01000, score = -0.49994
sigma = 100.00000, lambda = 0.10000, score = -0.49993
sigma = 100.00000, lambda = 1.00000, score = -0.49977
sigma = 100.00000, lambda = 10.00000, score = -0.49419
sigma = 100.00000, lambda = 100.00000, score = -0.36161
sigma = 100.00000, lambda = 1000.00000, score = -0.07984
sigma = 100.00000, lambda = 10000.00000, score = -0.00897
sigma = 100.00000, lambda = 100000.00000, score = -0.00091
sigma = 100.00000, lambda = 1000000.00000, score = -0.00009
sigma = 100.00000, lambda = 10000000.00000, score = -0.00001
sigma = 100.00000, lambda = 100000000.00000, score = -0.00000
sigma = 100.00000, lambda = 1000000000.00000, score = -0.00000
sigma = 1000.00000, lambda = 0.00100, score = -0.49994
sigma = 1000.00000, lambda = 0.01000, score = -0.49994
sigma = 1000.00000, lambda = 0.10000, score = -0.49993
sigma = 1000.00000, lambda = 1.00000, score = -0.49977
sigma = 1000.00000, lambda = 10.00000, score = -0.49419
sigma = 1000.00000, lambda = 100.00000, score = -0.36164
sigma = 1000.00000, lambda = 1000.00000, score = -0.07986
sigma = 1000.00000, lambda = 10000.00000, score = -0.00898
sigma = 1000.00000, lambda = 100000.00000, score = -0.00091
sigma = 1000.00000, lambda = 1000000.00000, score = -0.00009
sigma = 1000.00000, lambda = 10000000.00000, score = -0.00001
sigma = 1000.00000, lambda = 100000000.00000, score = -0.00000
sigma = 1000.00000, lambda = 1000000000.00000, score = -0.00000
sigma = 10000.00000, lambda = 0.00100, score = -0.49994
sigma = 10000.00000, lambda = 0.01000, score = -0.49994
sigma = 10000.00000, lambda = 0.10000, score = -0.49993
sigma = 10000.00000, lambda = 1.00000, score = -0.49977
sigma = 10000.00000, lambda = 10.00000, score = -0.49419
sigma = 10000.00000, lambda = 100.00000, score = -0.36164
sigma = 10000.00000, lambda = 1000.00000, score = -0.07986
sigma = 10000.00000, lambda = 10000.00000, score = -0.00898
sigma = 10000.00000, lambda = 100000.00000, score = -0.00091
sigma = 10000.00000, lambda = 1000000.00000, score = -0.00009
sigma = 10000.00000, lambda = 10000000.00000, score = -0.00001
sigma = 10000.00000, lambda = 100000000.00000, score = -0.00000
sigma = 10000.00000, lambda = 1000000000.00000, score = -0.00000
sigma = 100000.00000, lambda = 0.00100, score = -0.49994
sigma = 100000.00000, lambda = 0.01000, score = -0.49994
sigma = 100000.00000, lambda = 0.10000, score = -0.49993
sigma = 100000.00000, lambda = 1.00000, score = -0.49977
start
True
0
RuLSIF starting...
Searching for the optimal sigma and lambda...
sigma = 0.00100, lambda = 0.00100, score = -0.00000
sigma = 0.00100, lambda = 0.01000, score = -0.00000
sigma = 0.00100, lambda = 0.10000, score = 0.00000
sigma = 0.00100, lambda = 1.00000, score = 0.00000
sigma = 0.00100, lambda = 10.00000, score = -0.00000
sigma = 0.00100, lambda = 100.00000, score = 0.00000
sigma = 0.00100, lambda = 1000.00000, score = 0.00000
sigma = 0.00100, lambda = 10000.00000, score = 0.00000
sigma = 0.00100, lambda = 100000.00000, score = 0.00000
sigma = 0.00100, lambda = 1000000.00000, score = -0.00000
sigma = 0.00100, lambda = 10000000.00000, score = 0.00000
sigma = 0.00100, lambda = 100000000.00000, score = 0.00000
sigma = 0.00100, lambda = 1000000000.00000, score = 0.00000
sigma = 0.01000, lambda = 0.00100, score = -0.00000
sigma = 0.01000, lambda = 0.01000, score = -0.00000
sigma = 0.01000, lambda = 0.10000, score = -0.00000
sigma = 0.01000, lambda = 1.00000, score = -0.00000
sigma = 0.01000, lambda = 10.00000, score = -0.00000
sigma = 0.01000, lambda = 100.00000, score = -0.00000
sigma = 0.01000, lambda = 1000.00000, score = -0.00000
sigma = 0.01000, lambda = 10000.00000, score = -0.00000
sigma = 0.01000, lambda = 100000.00000, score = -0.00000
sigma = 0.01000, lambda = 1000000.00000, score = -0.00000
sigma = 0.01000, lambda = 10000000.00000, score = -0.00000
sigma = 0.01000, lambda = 100000000.00000, score = -0.00000
sigma = 0.01000, lambda = 1000000000.00000, score = -0.00000
sigma = 0.10000, lambda = 0.00100, score = 0.76376
sigma = 0.10000, lambda = 0.01000, score = -0.07189
sigma = 0.10000, lambda = 0.10000, score = -0.01033
sigma = 0.10000, lambda = 1.00000, score = -0.00107
sigma = 0.10000, lambda = 10.00000, score = -0.00011
sigma = 0.10000, lambda = 100.00000, score = -0.00001
sigma = 0.10000, lambda = 1000.00000, score = -0.00000
sigma = 0.10000, lambda = 10000.00000, score = -0.00000
sigma = 0.10000, lambda = 100000.00000, score = -0.00000
sigma = 0.10000, lambda = 1000000.00000, score = -0.00000
sigma = 0.10000, lambda = 10000000.00000, score = -0.00000
sigma = 0.10000, lambda = 100000000.00000, score = -0.00000
sigma = 0.10000, lambda = 1000000000.00000, score = -0.00000
sigma = 1.00000, lambda = 0.00100, score = 219.99620
sigma = 1.00000, lambda = 0.01000, score = 8.55295
sigma = 1.00000, lambda = 0.10000, score = -0.47021
sigma = 1.00000, lambda = 1.00000, score = -0.53753
sigma = 1.00000, lambda = 10.00000, score = -0.35100
sigma = 1.00000, lambda = 100.00000, score = -0.06894
sigma = 1.00000, lambda = 1000.00000, score = -0.00758
sigma = 1.00000, lambda = 10000.00000, score = -0.00077
sigma = 1.00000, lambda = 100000.00000, score = -0.00008
sigma = 1.00000, lambda = 1000000.00000, score = -0.00001
sigma = 1.00000, lambda = 10000000.00000, score = -0.00000
sigma = 1.00000, lambda = 100000000.00000, score = -0.00000
sigma = 1.00000, lambda = 1000000000.00000, score = -0.00000
sigma = 10.00000, lambda = 0.00100, score = 57.71864
sigma = 10.00000, lambda = 0.01000, score = -0.03320
sigma = 10.00000, lambda = 0.10000, score = -0.50034
sigma = 10.00000, lambda = 1.00000, score = -0.49945
sigma = 10.00000, lambda = 10.00000, score = -0.48034
sigma = 10.00000, lambda = 100.00000, score = -0.25766
sigma = 10.00000, lambda = 1000.00000, score = -0.04127
sigma = 10.00000, lambda = 10000.00000, score = -0.00438
sigma = 10.00000, lambda = 100000.00000, score = -0.00044
sigma = 10.00000, lambda = 1000000.00000, score = -0.00004
sigma = 10.00000, lambda = 10000000.00000, score = -0.00000
sigma = 10.00000, lambda = 100000000.00000, score = -0.00000
sigma = 10.00000, lambda = 1000000000.00000, score = -0.00000
sigma = 100.00000, lambda = 0.00100, score = -0.49976
sigma = 100.00000, lambda = 0.01000, score = -0.49975
sigma = 100.00000, lambda = 0.10000, score = -0.49971
sigma = 100.00000, lambda = 1.00000, score = -0.49908
sigma = 100.00000, lambda = 10.00000, score = -0.48063
sigma = 100.00000, lambda = 100.00000, score = -0.26065
sigma = 100.00000, lambda = 1000.00000, score = -0.04209
sigma = 100.00000, lambda = 10000.00000, score = -0.00447
sigma = 100.00000, lambda = 100000.00000, score = -0.00045
sigma = 100.00000, lambda = 1000000.00000, score = -0.00004
sigma = 100.00000, lambda = 10000000.00000, score = -0.00000
sigma = 100.00000, lambda = 100000000.00000, score = -0.00000
sigma = 100.00000, lambda = 1000000000.00000, score = -0.00000
sigma = 1000.00000, lambda = 0.00100, score = -0.49975
sigma = 1000.00000, lambda = 0.01000, score = -0.49975
sigma = 1000.00000, lambda = 0.10000, score = -0.49970
sigma = 1000.00000, lambda = 1.00000, score = -0.49907
sigma = 1000.00000, lambda = 10.00000, score = -0.48064
sigma = 1000.00000, lambda = 100.00000, score = -0.26068
sigma = 1000.00000, lambda = 1000.00000, score = -0.04209
sigma = 1000.00000, lambda = 10000.00000, score = -0.00447
sigma = 1000.00000, lambda = 100000.00000, score = -0.00045
sigma = 1000.00000, lambda = 1000000.00000, score = -0.00004
sigma = 1000.00000, lambda = 10000000.00000, score = -0.00000
sigma = 1000.00000, lambda = 100000000.00000, score = -0.00000
sigma = 1000.00000, lambda = 1000000000.00000, score = -0.00000
sigma = 10000.00000, lambda = 0.00100, score = -0.49975
sigma = 10000.00000, lambda = 0.01000, score = -0.49975
sigma = 10000.00000, lambda = 0.10000, score = -0.49970
sigma = 10000.00000, lambda = 1.00000, score = -0.49907
sigma = 10000.00000, lambda = 10.00000, score = -0.48064
sigma = 10000.00000, lambda = 100.00000, score = -0.26068
sigma = 10000.00000, lambda = 1000.00000, score = -0.04209
sigma = 10000.00000, lambda = 10000.00000, score = -0.00447
sigma = 10000.00000, lambda = 100000.00000, score = -0.00045
sigma = 10000.00000, lambda = 1000000.00000, score = -0.00004
sigma = 10000.00000, lambda = 10000000.00000, score = -0.00000
sigma = 10000.00000, lambda = 100000000.00000, score = -0.00000
sigma = 10000.00000, lambda = 1000000000.00000, score = -0.00000
sigma = 100000.00000, lambda = 0.00100, score = -0.49975
sigma = 100000.00000, lambda = 0.01000, score = -0.49975
sigma = 100000.00000, lambda = 0.10000, score = -0.49970
sigma = 100000.00000, lambda = 1.00000, score = -0.49907
sigma = 100000.00000, lambda = 10.00000, score = -0.48064
sigma = 100000.00000, lambda = 100.00000, score = -0.26068
sigma = 100000.00000, lambda = 1000.00000, score = -0.04209
sigma = 100000.00000, lambda = 10000.00000, score = -0.00447
sigma = 100000.00000, lambda = 100000.00000, score = -0.00045
sigma = 100000.00000, lambda = 1000000.00000, score = -0.00004
sigma = 100000.00000, lambda = 10000000.00000, score = -0.00000
sigma = 100000.00000, lambda = 100000000.00000, score = -0.00000
sigma = 100000.00000, lambda = 1000000000.00000, score = -0.00000
sigma = 1000000.00000, lambda = 0.00100, score = -0.49975
sigma = 1000000.00000, lambda = 0.01000, score = -0.49975
sigma = 1000000.00000, lambda = 0.10000, score = -0.49970
sigma = 1000000.00000, lambda = 1.00000, score = -0.49907
sigma = 1000000.00000, lambda = 10.00000, score = -0.48064
sigma = 1000000.00000, lambda = 100.00000, score = -0.26068
sigma = 1000000.00000, lambda = 1000.00000, score = -0.04209
sigma = 1000000.00000, lambda = 10000.00000, score = -0.00447
sigma = 1000000.00000, lambda = 100000.00000, score = -0.00045
sigma = 1000000.00000, lambda = 1000000.00000, score = -0.00004
sigma = 1000000.00000, lambda = 10000000.00000, score = -0.00000
sigma = 1000000.00000, lambda = 100000000.00000, score = -0.00000
sigma = 1000000.00000, lambda = 1000000000.00000, score = -0.00000
sigma = 10000000.00000, lambda = 0.00100, score = -0.49975
sigma = 10000000.00000, lambda = 0.01000, score = -0.49975
sigma = 10000000.00000, lambda = 0.10000, score = -0.49970
sigma = 10000000.00000, lambda = 1.00000, score = -0.49907
sigma = 10000000.00000, lambda = 10.00000, score = -0.48064
sigma = 10000000.00000, lambda = 100.00000, score = -0.26068
sigma = 10000000.00000, lambda = 1000.00000, score = -0.04209
sigma = 10000000.00000, lambda = 10000.00000, score = -0.00447
sigma = 10000000.00000, lambda = 100000.00000, score = -0.00045
sigma = 10000000.00000, lambda = 1000000.00000, score = -0.00004
sigma = 10000000.00000, lambda = 10000000.00000, score = -0.00000True
0
RuLSIF starting...
Searching for the optimal sigma and lambda...
sigma = 0.00100, lambda = 0.00100, score = -0.00000
sigma = 0.00100, lambda = 0.01000, score = -0.00000
sigma = 0.00100, lambda = 0.10000, score = 0.00000
sigma = 0.00100, lambda = 1.00000, score = 0.00000
sigma = 0.00100, lambda = 10.00000, score = -0.00000
sigma = 0.00100, lambda = 100.00000, score = 0.00000
sigma = 0.00100, lambda = 1000.00000, score = 0.00000
sigma = 0.00100, lambda = 10000.00000, score = 0.00000
sigma = 0.00100, lambda = 100000.00000, score = 0.00000
sigma = 0.00100, lambda = 1000000.00000, score = -0.00000
sigma = 0.00100, lambda = 10000000.00000, score = 0.00000
sigma = 0.00100, lambda = 100000000.00000, score = 0.00000
sigma = 0.00100, lambda = 1000000000.00000, score = 0.00000
sigma = 0.01000, lambda = 0.00100, score = 0.00006
sigma = 0.01000, lambda = 0.01000, score = 0.00000
sigma = 0.01000, lambda = 0.10000, score = 0.00000
sigma = 0.01000, lambda = 1.00000, score = 0.00000
sigma = 0.01000, lambda = 10.00000, score = 0.00000
sigma = 0.01000, lambda = 100.00000, score = 0.00000
sigma = 0.01000, lambda = 1000.00000, score = 0.00000
sigma = 0.01000, lambda = 10000.00000, score = 0.00000
sigma = 0.01000, lambda = 100000.00000, score = 0.00000
sigma = 0.01000, lambda = 1000000.00000, score = 0.00000
sigma = 0.01000, lambda = 10000000.00000, score = 0.00000
sigma = 0.01000, lambda = 100000000.00000, score = 0.00000
sigma = 0.01000, lambda = 1000000000.00000, score = 0.00000
sigma = 0.10000, lambda = 0.00100, score = 43.88737
sigma = 0.10000, lambda = 0.01000, score = 0.26272
sigma = 0.10000, lambda = 0.10000, score = -0.01863
sigma = 0.10000, lambda = 1.00000, score = -0.00234
sigma = 0.10000, lambda = 10.00000, score = -0.00024
sigma = 0.10000, lambda = 100.00000, score = -0.00002
sigma = 0.10000, lambda = 1000.00000, score = -0.00000
sigma = 0.10000, lambda = 10000.00000, score = -0.00000
sigma = 0.10000, lambda = 100000.00000, score = -0.00000
sigma = 0.10000, lambda = 1000000.00000, score = -0.00000
sigma = 0.10000, lambda = 10000000.00000, score = -0.00000
sigma = 0.10000, lambda = 100000000.00000, score = -0.00000
sigma = 0.10000, lambda = 1000000000.00000, score = -0.00000
sigma = 1.00000, lambda = 0.00100, score = 69.16840
sigma = 1.00000, lambda = 0.01000, score = 0.76091
sigma = 1.00000, lambda = 0.10000, score = -0.57680
sigma = 1.00000, lambda = 1.00000, score = -0.57714
sigma = 1.00000, lambda = 10.00000, score = -0.36330
sigma = 1.00000, lambda = 100.00000, score = -0.06963
sigma = 1.00000, lambda = 1000.00000, score = -0.00762
sigma = 1.00000, lambda = 10000.00000, score = -0.00077
sigma = 1.00000, lambda = 100000.00000, score = -0.00008
sigma = 1.00000, lambda = 1000000.00000, score = -0.00001
sigma = 1.00000, lambda = 10000000.00000, score = -0.00000
sigma = 1.00000, lambda = 100000000.00000, score = -0.00000
sigma = 1.00000, lambda = 1000000000.00000, score = -0.00000
sigma = 10.00000, lambda = 0.00100, score = 111.00050
sigma = 10.00000, lambda = 0.01000, score = 0.68164
sigma = 10.00000, lambda = 0.10000, score = -0.50073
sigma = 10.00000, lambda = 1.00000, score = -0.49957
sigma = 10.00000, lambda = 10.00000, score = -0.48040
sigma = 10.00000, lambda = 100.00000, score = -0.25756
sigma = 10.00000, lambda = 1000.00000, score = -0.04124
sigma = 10.00000, lambda = 10000.00000, score = -0.00437
sigma = 10.00000, lambda = 100000.00000, score = -0.00044
sigma = 10.00000, lambda = 1000000.00000, score = -0.00004
sigma = 10.00000, lambda = 10000000.00000, score = -0.00000
sigma = 10.00000, lambda = 100000000.00000, score = -0.00000
sigma = 10.00000, lambda = 1000000000.00000, score = -0.00000
sigma = 100.00000, lambda = 0.00100, score = -0.49977
sigma = 100.00000, lambda = 0.01000, score = -0.49975
sigma = 100.00000, lambda = 0.10000, score = -0.49971
sigma = 100.00000, lambda = 1.00000, score = -0.49908
sigma = 100.00000, lambda = 10.00000, score = -0.48063
sigma = 100.00000, lambda = 100.00000, score = -0.26065
sigma = 100.00000, lambda = 1000.00000, score = -0.04209
sigma = 100.00000, lambda = 10000.00000, score = -0.00447
sigma = 100.00000, lambda = 100000.00000, score = -0.00045
sigma = 100.00000, lambda = 1000000.00000, score = -0.00004
sigma = 100.00000, lambda = 10000000.00000, score = -0.00000
sigma = 100.00000, lambda = 100000000.00000, score = -0.00000
sigma = 100.00000, lambda = 1000000000.00000, score = -0.00000
sigma = 1000.00000, lambda = 0.00100, score = -0.49975
sigma = 1000.00000, lambda = 0.01000, score = -0.49975
sigma = 1000.00000, lambda = 0.10000, score = -0.49970
sigma = 1000.00000, lambda = 1.00000, score = -0.49907
sigma = 1000.00000, lambda = 10.00000, score = -0.48064
sigma = 1000.00000, lambda = 100.00000, score = -0.26068
sigma = 1000.00000, lambda = 1000.00000, score = -0.04209
sigma = 1000.00000, lambda = 10000.00000, score = -0.00447
sigma = 1000.00000, lambda = 100000.00000, score = -0.00045
sigma = 1000.00000, lambda = 1000000.00000, score = -0.00004
sigma = 1000.00000, lambda = 10000000.00000, score = -0.00000
sigma = 1000.00000, lambda = 100000000.00000, score = -0.00000
sigma = 1000.00000, lambda = 1000000000.00000, score = -0.00000
sigma = 10000.00000, lambda = 0.00100, score = -0.49975
sigma = 10000.00000, lambda = 0.01000, score = -0.49975
sigma = 10000.00000, lambda = 0.10000, score = -0.49970
sigma = 10000.00000, lambda = 1.00000, score = -0.49907
sigma = 10000.00000, lambda = 10.00000, score = -0.48064
sigma = 10000.00000, lambda = 100.00000, score = -0.26068
sigma = 10000.00000, lambda = 1000.00000, score = -0.04209
sigma = 10000.00000, lambda = 10000.00000, score = -0.00447
sigma = 10000.00000, lambda = 100000.00000, score = -0.00045
sigma = 10000.00000, lambda = 1000000.00000, score = -0.00004
sigma = 10000.00000, lambda = 10000000.00000, score = -0.00000
sigma = 10000.00000, lambda = 100000000.00000, score = -0.00000
sigma = 10000.00000, lambda = 1000000000.00000, score = -0.00000
sigma = 100000.00000, lambda = 0.00100, score = -0.49975
sigma = 100000.00000, lambda = 0.01000, score = -0.49975
sigma = 100000.00000, lambda = 0.10000, score = -0.49970
sigma = 100000.00000, lambda = 1.00000, score = -0.49907
sigma = 100000.00000, lambda = 10.00000, score = -0.48064
sigma = 100000.00000, lambda = 100.00000, score = -0.26068
sigma = 100000.00000, lambda = 1000.00000, score = -0.04209
sigma = 100000.00000, lambda = 10000.00000, score = -0.00447
sigma = 100000.00000, lambda = 100000.00000, score = -0.00045
sigma = 100000.00000, lambda = 1000000.00000, score = -0.00004
sigma = 100000.00000, lambda = 10000000.00000, score = -0.00000
sigma = 100000.00000, lambda = 100000000.00000, score = -0.00000
sigma = 100000.00000, lambda = 1000000000.00000, score = -0.00000
sigma = 1000000.00000, lambda = 0.00100, score = -0.49975
sigma = 1000000.00000, lambda = 0.01000, score = -0.49975
sigma = 1000000.00000, lambda = 0.10000, score = -0.49970
sigma = 1000000.00000, lambda = 1.00000, score = -0.49907
sigma = 1000000.00000, lambda = 10.00000, score = -0.48064
sigma = 1000000.00000, lambda = 100.00000, score = -0.26068
sigma = 1000000.00000, lambda = 1000.00000, score = -0.04209
sigma = 1000000.00000, lambda = 10000.00000, score = -0.00447
sigma = 1000000.00000, lambda = 100000.00000, score = -0.00045
sigma = 1000000.00000, lambda = 1000000.00000, score = -0.00004
sigma = 1000000.00000, lambda = 10000000.00000, score = -0.00000
sigma = 1000000.00000, lambda = 100000000.00000, score = -0.00000
sigma = 1000000.00000, lambda = 1000000000.00000, score = -0.00000
sigma = 10000000.00000, lambda = 0.00100, score = -0.49975
sigma = 10000000.00000, lambda = 0.01000, score = -0.49975
sigma = 10000000.00000, lambda = 0.10000, score = -0.49970
sigma = 10000000.00000, lambda = 1.00000, score = -0.49907
sigma = 10000000.00000, lambda = 10.00000, score = -0.48064
sigma = 10000000.00000, lambda = 100.00000, score = -0.26068
sigma = 10000000.00000, lambda = 1000.00000, score = -0.04209
sigma = 10000000.00000, lambda = 10000.00000, score = -0.00447
sigma = 10000000.00000, lambda = 100000.00000, score = -0.00045
sigma = 10000000.00000, lambda = 1000000.00000, score = -0.00004
sigma = 10000000.00000, lambda = 10000000.00000, score = -0.00000
sigma = 10000000.00000, lambda = 100000000.00000, score = -0.00000
sigma = 10000000.00000, lambda = 1000000000.00000, score = -0.00000
sigma = 100000000.00000, lambda = 0.00100, score = -0.49975
sigma = 100000000.00000, lambda = 0.01000, score = -0.49975
sigma = 100000000.00000, lambda = 0.10000, score = -0.49970
sigma = 100000000.00000, lambda = 1.00000, score = -0.49907
sigma = 100000000.00000, lambda = 10.00000, score = -0.48064
sigma = 100000000.00000, lambda = 100.00000, score = -0.26068
sigma = 100000000.00000, lambda = 1000.00000, score = -0.04209
sigma = 100000000.00000, lambda = 10000.00000, score = -0.00447
sigma = 100000000.00000, lambda = 100000.00000, score = -0.00045
sigma = 100000000.00000, lambda = 1000000.00000, score = -0.00004
sigma = 100000000.00000, lambda = 10000000.00000, score = -0.00000
sigma = 100000000.00000, lambda = 100000000.00000, score = -0.00000
sigma = 100000000.00000, lambda = 1000000000.00000, score = -0.00000
sigma = 1000000000.00000, lambda = 0.00100, score = -0.49975
sigma = 1000000000.00000, lambda = 0.01000, score = -0.49975
sigma = 1000000000.00000, lambda = 0.10000, score = -0.49970
sigma = 1000000000.00000, lambda = 1.00000, score = -0.49907
sigma = 1000000000.00000, lambda = 10.00000, score = -0.48064
sigma = 1000000000.00000, lambda = 100.00000, score = -0.26068
sigma = 1000000000.00000, lambda = 1000.00000, score = -0.04209
sigma = 1000000000.00000, lambda = 10000.00000, score = -0.00447
sigma = 1000000000.00000, lambda = 100000.00000, score = -0.00045
sigma = 1000000000.00000, lambda = 1000000.00000, score = -0.00004
sigma = 1000000000.00000, lambda = 10000000.00000, score = -0.00000
sigma = 1000000000.00000, lambda = 100000000.00000, score = -0.00000
sigma = 1000000000.00000, lambda = 1000000000.00000, score = -0.00000
Found optimal sigma = 1.000, lambda = 1.000.
Optimizing theta...
Approximate alpha-relative PE-divergence = -0.51
Approximate alpha-relative KL-divergence = -0.09
RuLSIF completed.
RuLSIF starting...
Searching for the optimal sigma and lambda...
sigma = 0.00100, lambda = 0.00100, score = -0.00000
sigma = 0.00100, lambda = 0.01000, score = -0.00000
sigma = 0.00100, lambda = 0.10000, score = 0.00000
sigma = 0.00100, lambda = 1.00000, score = 0.00000
sigma = 0.00100, lambda = 10.00000, score = -0.00000
sigma = 0.00100, lambda = 100.00000, score = 0.00000
sigma = 0.00100, lambda = 1000.00000, score = 0.00000
sigma = 0.00100, lambda = 10000.00000, score = 0.00000
sigma = 0.00100, lambda = 100000.00000, score = 0.00000
sigma = 0.00100, lambda = 1000000.00000, score = -0.00000
sigma = 0.00100, lambda = 10000000.00000, score = 0.00000
sigma = 0.00100, lambda = 100000000.00000, score = 0.00000
sigma = 0.00100, lambda = 1000000000.00000, score = 0.00000
sigma = 0.01000, lambda = 0.00100, score = -0.00000
sigma = 0.01000, lambda = 0.01000, score = -0.00000
sigma = 0.01000, lambda = 0.10000, score = 0.00000
sigma = 0.01000, lambda = 1.00000, score = 0.00000
sigma = 0.01000, lambda = 10.00000, score = -0.00000
sigma = 0.01000, lambda = 100.00000, score = 0.00000
sigma = 0.01000, lambda = 1000.00000, score = 0.00000
sigma = 0.01000, lambda = 10000.00000, score = 0.00000
sigma = 0.01000, lambda = 100000.00000, score = 0.00000
sigma = 0.01000, lambda = 1000000.00000, score = -0.00000
sigma = 0.01000, lambda = 10000000.00000, score = 0.00000
sigma = 0.01000, lambda = 100000000.00000, score = 0.00000
sigma = 0.01000, lambda = 1000000000.00000, score = 0.00000
sigma = 0.10000, lambda = 0.00100, score = 5.97669
sigma = 0.10000, lambda = 0.01000, score = 0.05518
sigma = 0.10000, lambda = 0.10000, score = 0.00007
sigma = 0.10000, lambda = 1.00000, score = -0.00005
sigma = 0.10000, lambda = 10.00000, score = -0.00001
sigma = 0.10000, lambda = 100.00000, score = -0.00000
sigma = 0.10000, lambda = 1000.00000, score = -0.00000
sigma = 0.10000, lambda = 10000.00000, score = -0.00000
sigma = 0.10000, lambda = 100000.00000, score = -0.00000
sigma = 0.10000, lambda = 1000000.00000, score = -0.00000
sigma = 0.10000, lambda = 10000000.00000, score = -0.00000
sigma = 0.10000, lambda = 100000000.00000, score = -0.00000
sigma = 0.10000, lambda = 1000000000.00000, score = -0.00000
sigma = 1.00000, lambda = 0.00100, score = 62.93296
sigma = 1.00000, lambda = 0.01000, score = 5.05641
sigma = 1.00000, lambda = 0.10000, score = -0.41838
sigma = 1.00000, lambda = 1.00000, score = -0.49869
sigma = 1.00000, lambda = 10.00000, score = -0.31524
sigma = 1.00000, lambda = 100.00000, score = -0.05642
sigma = 1.00000, lambda = 1000.00000, score = -0.00609
sigma = 1.00000, lambda = 10000.00000, score = -0.00061
sigma = 1.00000, lambda = 100000.00000, score = -0.00006
sigma = 1.00000, lambda = 1000000.00000, score = -0.00001
sigma = 1.00000, lambda = 10000000.00000, score = -0.00000
sigma = 1.00000, lambda = 100000000.00000, score = -0.00000
sigma = 1.00000, lambda = 1000000000.00000, score = -0.00000
sigma = 10.00000, lambda = 0.00100, score = 153.58561
sigma = 10.00000, lambda = 0.01000, score = 1.20663
sigma = 10.00000, lambda = 0.10000, score = -0.50033
sigma = 10.00000, lambda = 1.00000, score = -0.49950
sigma = 10.00000, lambda = 10.00000, score = -0.48041
sigma = 10.00000, lambda = 100.00000, score = -0.25748
sigma = 10.00000, lambda = 1000.00000, score = -0.04121
sigma = 10.00000, lambda = 10000.00000, score = -0.00437
sigma = 10.00000, lambda = 100000.00000, score = -0.00044
sigma = 10.00000, lambda = 1000000.00000, score = -0.00004
sigma = 10.00000, lambda = 10000000.00000, score = -0.00000
sigma = 10.00000, lambda = 100000000.00000, score = -0.00000
sigma = 10.00000, lambda = 1000000000.00000, score = -0.00000
sigma = 100.00000, lambda = 0.00100, score = -0.49983
sigma = 100.00000, lambda = 0.01000, score = -0.49975
sigma = 100.00000, lambda = 0.10000, score = -0.49971
sigma = 100.00000, lambda = 1.00000, score = -0.49908
sigma = 100.00000, lambda = 10.00000, score = -0.48063
sigma = 100.00000, lambda = 100.00000, score = -0.26065
sigma = 100.00000, lambda = 1000.00000, score = -0.04209
sigma = 100.00000, lambda = 10000.00000, score = -0.00447
sigma = 100.00000, lambda = 100000.00000, score = -0.00045
sigma = 100.00000, lambda = 1000000.00000, score = -0.00004
sigma = 100.00000, lambda = 10000000.00000, score = -0.00000
sigma = 100.00000, lambda = 100000000.00000, score = -0.00000
sigma = 100.00000, lambda = 1000000000.00000, score = -0.00000
sigma = 1000.00000, lambda = 0.00100, score = -0.49975
sigma = 1000.00000, lambda = 0.01000, score = -0.49975
sigma = 1000.00000, lambda = 0.10000, score = -0.49970
sigma = 1000.00000, lambda = 1.00000, score = -0.49907
sigma = 1000.00000, lambda = 10.00000, score = -0.48064
sigma = 1000.00000, lambda = 100.00000, score = -0.26068
sigma = 1000.00000, lambda = 1000.00000, score = -0.04209
sigma = 1000.00000, lambda = 10000.00000, score = -0.00447
sigma = 1000.00000, lambda = 100000.00000, score = -0.00045
sigma = 1000.00000, lambda = 1000000.00000, score = -0.00004
sigma = 1000.00000, lambda = 10000000.00000, score = -0.00000
sigma = 1000.00000, lambda = 100000000.00000, score = -0.00000
sigma = 1000.00000, lambda = 1000000000.00000, score = -0.00000
sigma = 10000.00000, lambda = 0.00100, score = -0.49975
sigma = 10000.00000, lambda = 0.01000, score = -0.49975
sigma = 10000.00000, lambda = 0.10000, score = -0.49970
sigma = 10000.00000, lambda = 1.00000, score = -0.49907
sigma = 10000.00000, lambda = 10.00000, score = -0.48064
sigma = 10000.00000, lambda = 100.00000, score = -0.26068
sigma = 10000.00000, lambda = 1000.00000, score = -0.04209
sigma = 10000.00000, lambda = 10000.00000, score = -0.00447
sigma = 10000.00000, lambda = 100000.00000, score = -0.00045
sigma = 10000.00000, lambda = 1000000.00000, score = -0.00004
sigma = 10000.00000, lambda = 10000000.00000, score = -0.00000
sigma = 10000.00000, lambda = 100000000.00000, score = -0.00000
sigma = 10000.00000, lambda = 1000000000.00000, score = -0.00000
sigma = 100000.00000, lambda = 0.00100, score = -0.49975
sigma = 100000.00000, lambda = 0.01000, score = -0.49975
sigma = 100000.00000, lambda = 0.10000, score = -0.49970
sigma = 100000.00000, lambda = 1.00000, score = -0.49907
sigma = 100000.00000, lambda = 10.00000, score = -0.48064
sigma = 10000000.00000, lambda = 100000000.00000, score = -0.00000
sigma = 10000000.00000, lambda = 1000000000.00000, score = -0.00000
sigma = 100000000.00000, lambda = 0.00100, score = -0.49975
sigma = 100000000.00000, lambda = 0.01000, score = -0.49975
sigma = 100000000.00000, lambda = 0.10000, score = -0.49970
sigma = 100000000.00000, lambda = 1.00000, score = -0.49907
sigma = 100000000.00000, lambda = 10.00000, score = -0.48064
sigma = 100000000.00000, lambda = 100.00000, score = -0.26068
sigma = 100000000.00000, lambda = 1000.00000, score = -0.04209
sigma = 100000000.00000, lambda = 10000.00000, score = -0.00447
sigma = 100000000.00000, lambda = 100000.00000, score = -0.00045
sigma = 100000000.00000, lambda = 1000000.00000, score = -0.00004
sigma = 100000000.00000, lambda = 10000000.00000, score = -0.00000
sigma = 100000000.00000, lambda = 100000000.00000, score = -0.00000
sigma = 100000000.00000, lambda = 1000000000.00000, score = -0.00000
sigma = 1000000000.00000, lambda = 0.00100, score = -0.49975
sigma = 1000000000.00000, lambda = 0.01000, score = -0.49975
sigma = 1000000000.00000, lambda = 0.10000, score = -0.49970
sigma = 1000000000.00000, lambda = 1.00000, score = -0.49907
sigma = 1000000000.00000, lambda = 10.00000, score = -0.48064
sigma = 1000000000.00000, lambda = 100.00000, score = -0.26068
sigma = 1000000000.00000, lambda = 1000.00000, score = -0.04209
sigma = 1000000000.00000, lambda = 10000.00000, score = -0.00447
sigma = 1000000000.00000, lambda = 100000.00000, score = -0.00045
sigma = 1000000000.00000, lambda = 1000000.00000, score = -0.00004
sigma = 1000000000.00000, lambda = 10000000.00000, score = -0.00000
sigma = 1000000000.00000, lambda = 100000000.00000, score = -0.00000
sigma = 1000000000.00000, lambda = 1000000000.00000, score = -0.00000
Found optimal sigma = 1.000, lambda = 1.000.
Optimizing theta...
Approximate alpha-relative PE-divergence = -0.51
Approximate alpha-relative KL-divergence = -0.10
RuLSIF completed.
RuLSIF starting...
Searching for the optimal sigma and lambda...
sigma = 0.00100, lambda = 0.00100, score = -0.00000
sigma = 0.00100, lambda = 0.01000, score = -0.00000
sigma = 0.00100, lambda = 0.10000, score = 0.00000
sigma = 0.00100, lambda = 1.00000, score = 0.00000
sigma = 0.00100, lambda = 10.00000, score = -0.00000
sigma = 0.00100, lambda = 100.00000, score = 0.00000
sigma = 0.00100, lambda = 1000.00000, score = 0.00000
sigma = 0.00100, lambda = 10000.00000, score = 0.00000
sigma = 0.00100, lambda = 100000.00000, score = 0.00000
sigma = 0.00100, lambda = 1000000.00000, score = -0.00000
sigma = 0.00100, lambda = 10000000.00000, score = 0.00000
sigma = 0.00100, lambda = 100000000.00000, score = 0.00000
sigma = 0.00100, lambda = 1000000000.00000, score = 0.00000
sigma = 0.01000, lambda = 0.00100, score = -0.00000
sigma = 0.01000, lambda = 0.01000, score = -0.00000
sigma = 0.01000, lambda = 0.10000, score = 0.00000
sigma = 0.01000, lambda = 1.00000, score = 0.00000
sigma = 0.01000, lambda = 10.00000, score = -0.00000
sigma = 0.01000, lambda = 100.00000, score = 0.00000
sigma = 0.01000, lambda = 1000.00000, score = 0.00000
sigma = 0.01000, lambda = 10000.00000, score = 0.00000
sigma = 0.01000, lambda = 100000.00000, score = 0.00000
sigma = 0.01000, lambda = 1000000.00000, score = -0.00000
sigma = 0.01000, lambda = 10000000.00000, score = 0.00000
sigma = 0.01000, lambda = 100000000.00000, score = 0.00000
sigma = 0.01000, lambda = 1000000000.00000, score = 0.00000
sigma = 0.10000, lambda = 0.00100, score = 8.24401
sigma = 0.10000, lambda = 0.01000, score = 0.05673
sigma = 0.10000, lambda = 0.10000, score = -0.00202
sigma = 0.10000, lambda = 1.00000, score = -0.00028
sigma = 0.10000, lambda = 10.00000, score = -0.00003
sigma = 0.10000, lambda = 100.00000, score = -0.00000
sigma = 0.10000, lambda = 1000.00000, score = -0.00000
sigma = 0.10000, lambda = 10000.00000, score = -0.00000
sigma = 0.10000, lambda = 100000.00000, score = -0.00000
sigma = 0.10000, lambda = 1000000.00000, score = -0.00000
sigma = 0.10000, lambda = 10000000.00000, score = -0.00000
sigma = 0.10000, lambda = 100000000.00000, score = -0.00000
sigma = 0.10000, lambda = 1000000000.00000, score = -0.00000
sigma = 1.00000, lambda = 0.00100, score = 42.52610
sigma = 1.00000, lambda = 0.01000, score = 1.11425
sigma = 1.00000, lambda = 0.10000, score = -0.43544
sigma = 1.00000, lambda = 1.00000, score = -0.50435
sigma = 1.00000, lambda = 10.00000, score = -0.31848
sigma = 1.00000, lambda = 100.00000, score = -0.05818
sigma = 1.00000, lambda = 1000.00000, score = -0.00631
sigma = 1.00000, lambda = 10000.00000, score = -0.00064
sigma = 1.00000, lambda = 100000.00000, score = -0.00006
sigma = 1.00000, lambda = 1000000.00000, score = -0.00001
sigma = 1.00000, lambda = 10000000.00000, score = -0.00000
sigma = 1.00000, lambda = 100000000.00000, score = -0.00000
sigma = 1.00000, lambda = 1000000000.00000, score = -0.00000
sigma = 10.00000, lambda = 0.00100, score = 34.86713
sigma = 10.00000, lambda = 0.01000, score = -0.26918
sigma = 10.00000, lambda = 0.10000, score = -0.50021
sigma = 10.00000, lambda = 1.00000, score = -0.49966
sigma = 10.00000, lambda = 10.00000, score = -0.48048
sigma = 10.00000, lambda = 100.00000, score = -0.25750
sigma = 10.00000, lambda = 1000.00000, score = -0.04122
sigma = 10.00000, lambda = 10000.00000, score = -0.00437
sigma = 10.00000, lambda = 100000.00000, score = -0.00044
sigma = 10.00000, lambda = 1000000.00000, score = -0.00004
sigma = 10.00000, lambda = 10000000.00000, score = -0.00000
sigma = 10.00000, lambda = 100000000.00000, score = -0.00000
sigma = 10.00000, lambda = 1000000000.00000, score = -0.00000
sigma = 100.00000, lambda = 0.00100, score = -0.49976
sigma = 100.00000, lambda = 0.01000, score = -0.49975
sigma = 100.00000, lambda = 0.10000, score = -0.49971
sigma = 100.00000, lambda = 1.00000, score = -0.49908
sigma = 100.00000, lambda = 10.00000, score = -0.48063
sigma = 100.00000, lambda = 100.00000, score = -0.26065
sigma = 100.00000, lambda = 1000.00000, score = -0.04209
sigma = 100.00000, lambda = 10000.00000, score = -0.00447
sigma = 100.00000, lambda = 100000.00000, score = -0.00045
sigma = 100.00000, lambda = 1000000.00000, score = -0.00004
sigma = 100.00000, lambda = 10000000.00000, score = -0.00000
sigma = 100.00000, lambda = 100000000.00000, score = -0.00000
sigma = 100.00000, lambda = 1000000000.00000, score = -0.00000
sigma = 1000.00000, lambda = 0.00100, score = -0.49975
sigma = 1000.00000, lambda = 0.01000, score = -0.49975
sigma = 1000.00000, lambda = 0.10000, score = -0.49970
sigma = 1000.00000, lambda = 1.00000, score = -0.49907
sigma = 1000.00000, lambda = 10.00000, score = -0.48064
sigma = 1000.00000, lambda = 100.00000, score = -0.26068
sigma = 1000.00000, lambda = 1000.00000, score = -0.04209
sigma = 1000.00000, lambda = 10000.00000, score = -0.00447
sigma = 1000.00000, lambda = 100000.00000, score = -0.00045
sigma = 1000.00000, lambda = 1000000.00000, score = -0.00004
sigma = 1000.00000, lambda = 10000000.00000, score = -0.00000
sigma = 1000.00000, lambda = 100000000.00000, score = -0.00000
sigma = 1000.00000, lambda = 1000000000.00000, score = -0.00000
sigma = 10000.00000, lambda = 0.00100, score = -0.49975
sigma = 10000.00000, lambda = 0.01000, score = -0.49975
sigma = 10000.00000, lambda = 0.10000, score = -0.49970
sigma = 10000.00000, lambda = 1.00000, score = -0.49907
sigma = 10000.00000, lambda = 10.00000, score = -0.48064
sigma = 10000.00000, lambda = 100.00000, score = -0.26068
sigma = 10000.00000, lambda = 1000.00000, score = -0.04209
sigma = 10000.00000, lambda = 10000.00000, score = -0.00447
sigma = 10000.00000, lambda = 100000.00000, score = -0.00045
sigma = 10000.00000, lambda = 1000000.00000, score = -0.00004
sigma = 10000.00000, lambda = 10000000.00000, score = -0.00000
sigma = 10000.00000, lambda = 100000000.00000, score = -0.00000
sigma = 10000.00000, lambda = 1000000000.00000, score = -0.00000
sigma = 100000.00000, lambda = 0.00100, score = -0.49975
sigma = 100000.00000, lambda = 0.01000, score = -0.49975
sigma = 100000.00000, lambda = 0.10000, score = -0.49970
sigma = 100000.00000, lambda = 1.00000, score = -0.49907
sigma = 100000.00000, lambda = 10.00000, score = -0.49419
sigma = 10000000.00000, lambda = 100000000.00000, score = -0.00000
sigma = 10000000.00000, lambda = 1000000000.00000, score = -0.00000
sigma = 100000000.00000, lambda = 0.00100, score = -0.49994
sigma = 100000000.00000, lambda = 0.01000, score = -0.49994
sigma = 100000000.00000, lambda = 0.10000, score = -0.49993
sigma = 100000000.00000, lambda = 1.00000, score = -0.49977
sigma = 100000000.00000, lambda = 10.00000, score = -0.49408
sigma = 100000000.00000, lambda = 100.00000, score = -0.36019
sigma = 100000000.00000, lambda = 1000.00000, score = -0.07909
sigma = 100000000.00000, lambda = 10000.00000, score = -0.00888
sigma = 100000000.00000, lambda = 100000.00000, score = -0.00090
sigma = 100000000.00000, lambda = 1000000.00000, score = -0.00009
sigma = 100000000.00000, lambda = 10000000.00000, score = -0.00001
sigma = 100000000.00000, lambda = 100000000.00000, score = -0.00000
sigma = 100000000.00000, lambda = 1000000000.00000, score = -0.00000
sigma = 1000000000.00000, lambda = 0.00100, score = -0.49994
sigma = 1000000000.00000, lambda = 0.01000, score = -0.49994
sigma = 1000000000.00000, lambda = 0.10000, score = -0.49993
sigma = 1000000000.00000, lambda = 1.00000, score = -0.49977
sigma = 1000000000.00000, lambda = 10.00000, score = -0.49408
sigma = 1000000000.00000, lambda = 100.00000, score = -0.36019
sigma = 1000000000.00000, lambda = 1000.00000, score = -0.07909
sigma = 1000000000.00000, lambda = 10000.00000, score = -0.00888
sigma = 1000000000.00000, lambda = 100000.00000, score = -0.00090
sigma = 1000000000.00000, lambda = 1000000.00000, score = -0.00009
sigma = 1000000000.00000, lambda = 10000000.00000, score = -0.00001
sigma = 1000000000.00000, lambda = 100000000.00000, score = -0.00000
sigma = 1000000000.00000, lambda = 1000000000.00000, score = -0.00000
Found optimal sigma = 1.000, lambda = 1.000.
Optimizing theta...
Approximate alpha-relative PE-divergence = 0.19
Approximate alpha-relative KL-divergence = -0.04
RuLSIF completed.
True
0

sigma = 100000.00000, lambda = 100.00000, score = -0.36164
sigma = 100000.00000, lambda = 1000.00000, score = -0.07986
sigma = 100000.00000, lambda = 10000.00000, score = -0.00898
sigma = 100000.00000, lambda = 100000.00000, score = -0.00091
sigma = 100000.00000, lambda = 1000000.00000, score = -0.00009
sigma = 100000.00000, lambda = 10000000.00000, score = -0.00001
sigma = 100000.00000, lambda = 100000000.00000, score = -0.00000
sigma = 100000.00000, lambda = 1000000000.00000, score = -0.00000
sigma = 1000000.00000, lambda = 0.00100, score = -0.49994
sigma = 1000000.00000, lambda = 0.01000, score = -0.49994
sigma = 1000000.00000, lambda = 0.10000, score = -0.49993
sigma = 1000000.00000, lambda = 1.00000, score = -0.49977
sigma = 1000000.00000, lambda = 10.00000, score = -0.49419
sigma = 1000000.00000, lambda = 100.00000, score = -0.36164
sigma = 1000000.00000, lambda = 1000.00000, score = -0.07986
sigma = 1000000.00000, lambda = 10000.00000, score = -0.00898
sigma = 1000000.00000, lambda = 100000.00000, score = -0.00091
sigma = 1000000.00000, lambda = 1000000.00000, score = -0.00009
sigma = 1000000.00000, lambda = 10000000.00000, score = -0.00001
sigma = 1000000.00000, lambda = 100000000.00000, score = -0.00000
sigma = 1000000.00000, lambda = 1000000000.00000, score = -0.00000
sigma = 10000000.00000, lambda = 0.00100, score = -0.49994
sigma = 10000000.00000, lambda = 0.01000, score = -0.49994
sigma = 10000000.00000, lambda = 0.10000, score = -0.49993
sigma = 10000000.00000, lambda = 1.00000, score = -0.49977
sigma = 10000000.00000, lambda = 10.00000, score = -0.49419
sigma = 10000000.00000, lambda = 100.00000, score = -0.36164
sigma = 10000000.00000, lambda = 1000.00000, score = -0.07986
sigma = 10000000.00000, lambda = 10000.00000, score = -0.00898
sigma = 10000000.00000, lambda = 100000.00000, score = -0.00091
sigma = 10000000.00000, lambda = 1000000.00000, score = -0.00009
sigma = 10000000.00000, lambda = 10000000.00000, score = -0.00001
sigma = 10000000.00000, lambda = 100000000.00000, score = -0.00000
sigma = 10000000.00000, lambda = 1000000000.00000, score = -0.00000
sigma = 100000000.00000, lambda = 0.00100, score = -0.49994
sigma = 100000000.00000, lambda = 0.01000, score = -0.49994
sigma = 100000000.00000, lambda = 0.10000, score = -0.49993
sigma = 100000000.00000, lambda = 1.00000, score = -0.49977
sigma = 100000000.00000, lambda = 10.00000, score = -0.49419
sigma = 100000000.00000, lambda = 100.00000, score = -0.36164
sigma = 100000000.00000, lambda = 1000.00000, score = -0.07986
sigma = 100000000.00000, lambda = 10000.00000, score = -0.00898
sigma = 100000000.00000, lambda = 100000.00000, score = -0.00091
sigma = 100000000.00000, lambda = 1000000.00000, score = -0.00009
sigma = 100000000.00000, lambda = 10000000.00000, score = -0.00001
sigma = 100000000.00000, lambda = 100000000.00000, score = -0.00000
sigma = 100000000.00000, lambda = 1000000000.00000, score = -0.00000
sigma = 1000000000.00000, lambda = 0.00100, score = -0.49994
sigma = 1000000000.00000, lambda = 0.01000, score = -0.49994
sigma = 1000000000.00000, lambda = 0.10000, score = -0.49993
sigma = 1000000000.00000, lambda = 1.00000, score = -0.49977
sigma = 1000000000.00000, lambda = 10.00000, score = -0.49419
sigma = 1000000000.00000, lambda = 100.00000, score = -0.36164
sigma = 1000000000.00000, lambda = 1000.00000, score = -0.07986
sigma = 1000000000.00000, lambda = 10000.00000, score = -0.00898
sigma = 1000000000.00000, lambda = 100000.00000, score = -0.00091
sigma = 1000000000.00000, lambda = 1000000.00000, score = -0.00009
sigma = 1000000000.00000, lambda = 10000000.00000, score = -0.00001
sigma = 1000000000.00000, lambda = 100000000.00000, score = -0.00000
sigma = 1000000000.00000, lambda = 1000000000.00000, score = -0.00000
Found optimal sigma = 1000.000, lambda = 0.001.
Optimizing theta...
Approximate alpha-relative PE-divergence = 0.17
Approximate alpha-relative KL-divergence = -0.00
RuLSIF completed.
True
0
True
0
[1;34mwandb[0m:  View run [33mcomfy-paper-79[0m at: [34mhttps://wandb.ai/deepbk/cs_ope/runs/ikulmad5[0m
[1;34mwandb[0m: Find logs at: [1;35m../../../../../../../gpfs/projects/ailab/tnguye11/tri/cs_ope/cs_ope/experiments/wandb/run-20241216_135245-ikulmad5/logs[0m
