True
0
ApproxNeuraLCBV2-net has 961 parameters.
True
0
ApproxNeuraLCBV2-net has 961 parameters.
start
start
True
0
RuLSIF starting...
Searching for the optimal sigma and lambda...
sigma = 0.00100, lambda = 0.00100, score = 0.43049
sigma = 0.00100, lambda = 0.01000, score = 0.00117
sigma = 0.00100, lambda = 0.10000, score = -0.00045
sigma = 0.00100, lambda = 1.00000, score = -0.00005
sigma = 0.00100, lambda = 10.00000, score = -0.00001
sigma = 0.00100, lambda = 100.00000, score = -0.00000
sigma = 0.00100, lambda = 1000.00000, score = -0.00000
sigma = 0.00100, lambda = 10000.00000, score = -0.00000
sigma = 0.00100, lambda = 100000.00000, score = -0.00000
sigma = 0.00100, lambda = 1000000.00000, score = -0.00000
sigma = 0.00100, lambda = 10000000.00000, score = -0.00000
sigma = 0.00100, lambda = 100000000.00000, score = -0.00000
sigma = 0.00100, lambda = 1000000000.00000, score = -0.00000
sigma = 0.01000, lambda = 0.00100, score = 0.43049
sigma = 0.01000, lambda = 0.01000, score = 0.00117
sigma = 0.01000, lambda = 0.10000, score = -0.00045
sigma = 0.01000, lambda = 1.00000, score = -0.00005
sigma = 0.01000, lambda = 10.00000, score = -0.00001
sigma = 0.01000, lambda = 100.00000, score = -0.00000
sigma = 0.01000, lambda = 1000.00000, score = -0.00000
sigma = 0.01000, lambda = 10000.00000, score = -0.00000
sigma = 0.01000, lambda = 100000.00000, score = -0.00000
sigma = 0.01000, lambda = 1000000.00000, score = -0.00000
sigma = 0.01000, lambda = 10000000.00000, score = -0.00000
sigma = 0.01000, lambda = 100000000.00000, score = -0.00000
sigma = 0.01000, lambda = 1000000000.00000, score = -0.00000
sigma = 0.10000, lambda = 0.00100, score = 0.24959
sigma = 0.10000, lambda = 0.01000, score = -0.07734
sigma = 0.10000, lambda = 0.10000, score = -0.00932
sigma = 0.10000, lambda = 1.00000, score = -0.00095
sigma = 0.10000, lambda = 10.00000, score = -0.00010
sigma = 0.10000, lambda = 100.00000, score = -0.00001
sigma = 0.10000, lambda = 1000.00000, score = -0.00000
sigma = 0.10000, lambda = 10000.00000, score = -0.00000
sigma = 0.10000, lambda = 100000.00000, score = -0.00000
sigma = 0.10000, lambda = 1000000.00000, score = -0.00000
sigma = 0.10000, lambda = 10000000.00000, score = -0.00000
sigma = 0.10000, lambda = 100000000.00000, score = -0.00000
sigma = 0.10000, lambda = 1000000000.00000, score = -0.00000
sigma = 1.00000, lambda = 0.00100, score = 78.56651
sigma = 1.00000, lambda = 0.01000, score = 3.60285
sigma = 1.00000, lambda = 0.10000, score = -0.43307
sigma = 1.00000, lambda = 1.00000, score = -0.48745
sigma = 1.00000, lambda = 10.00000, score = -0.46011
sigma = 1.00000, lambda = 100.00000, score = -0.19909
sigma = 1.00000, lambda = 1000.00000, score = -0.02792
sigma = 1.00000, lambda = 10000.00000, score = -0.00290
sigma = 1.00000, lambda = 100000.00000, score = -0.00029
sigma = 1.00000, lambda = 1000000.00000, score = -0.00003
sigma = 1.00000, lambda = 10000000.00000, score = -0.00000
sigma = 1.00000, lambda = 100000000.00000, score = -0.00000
sigma = 1.00000, lambda = 1000000000.00000, score = -0.00000
sigma = 10.00000, lambda = 0.00100, score = 46.25623
sigma = 10.00000, lambda = 0.01000, score = 0.67002
sigma = 10.00000, lambda = 0.10000, score = -0.50017
sigma = 10.00000, lambda = 1.00000, score = -0.50002
sigma = 10.00000, lambda = 10.00000, score = -0.49555
sigma = 10.00000, lambda = 100.00000, score = -0.37270
sigma = 10.00000, lambda = 1000.00000, score = -0.08565
sigma = 10.00000, lambda = 10000.00000, score = -0.00971
sigma = 10.00000, lambda = 100000.00000, score = -0.00098
sigma = 10.00000, lambda = 1000000.00000, score = -0.00010
sigma = 10.00000, lambda = 10000000.00000, score = -0.00001
sigma = 10.00000, lambda = 100000000.00000, score = -0.00000
sigma = 10.00000, lambda = 1000000000.00000, score = -0.00000
sigma = 100.00000, lambda = 0.00100, score = -0.49999
sigma = 100.00000, lambda = 0.01000, score = -0.49999
sigma = 100.00000, lambda = 0.10000, score = -0.49999
sigma = 100.00000, lambda = 1.00000, score = -0.49990
sigma = 100.00000, lambda = 10.00000, score = -0.49555
sigma = 100.00000, lambda = 100.00000, score = -0.37446
sigma = 100.00000, lambda = 1000.00000, score = -0.08673
sigma = 100.00000, lambda = 10000.00000, score = -0.00985
sigma = 100.00000, lambda = 100000.00000, score = -0.00100
sigma = 100.00000, lambda = 1000000.00000, score = -0.00010
sigma = 100.00000, lambda = 10000000.00000, score = -0.00001
sigma = 100.00000, lambda = 100000000.00000, score = -0.00000
sigma = 100.00000, lambda = 1000000000.00000, score = -0.00000
sigma = 1000.00000, lambda = 0.00100, score = -0.49999
sigma = 1000.00000, lambda = 0.01000, score = -0.49999
sigma = 1000.00000, lambda = 0.10000, score = -0.49999
sigma = 1000.00000, lambda = 1.00000, score = -0.49990
sigma = 1000.00000, lambda = 10.00000, score = -0.49555
sigma = 1000.00000, lambda = 100.00000, score = -0.37448
sigma = 1000.00000, lambda = 1000.00000, score = -0.08675
sigma = 1000.00000, lambda = 10000.00000, score = -0.00985
sigma = 1000.00000, lambda = 100000.00000, score = -0.00100
sigma = 1000.00000, lambda = 1000000.00000, score = -0.00010
sigma = 1000.00000, lambda = 10000000.00000, score = -0.00001
sigma = 1000.00000, lambda = 100000000.00000, score = -0.00000
sigma = 1000.00000, lambda = 1000000000.00000, score = -0.00000
sigma = 10000.00000, lambda = 0.00100, score = -0.49999
sigma = 10000.00000, lambda = 0.01000, score = -0.49999
sigma = 10000.00000, lambda = 0.10000, score = -0.49999
sigma = 10000.00000, lambda = 1.00000, score = -0.49990
sigma = 10000.00000, lambda = 10.00000, score = -0.49555
sigma = 10000.00000, lambda = 100.00000, score = -0.37448
sigma = 10000.00000, lambda = 1000.00000, score = -0.08675
sigma = 10000.00000, lambda = 10000.00000, score = -0.00985
sigma = 10000.00000, lambda = 100000.00000, score = -0.00100
sigma = 10000.00000, lambda = 1000000.00000, score = -0.00010
sigma = 10000.00000, lambda = 10000000.00000, score = -0.00001
sigma = 10000.00000, lambda = 100000000.00000, score = -0.00000
sigma = 10000.00000, lambda = 1000000000.00000, score = -0.00000
sigma = 100000.00000, lambda = 0.00100, score = -0.49999
sigma = 100000.00000, lambda = 0.01000, score = -0.49999
sigma = 100000.00000, lambda = 0.10000, score = -0.49999
sigma = 100000.00000, lambda = 1.00000, score = -0.49990
sigma = 100000.00000, lambda = 10.00000, score = -0.49555
sigma = 100000.00000, lambda = 100.00000, score = -0.37448
sigma = 100000.00000, lambda = 1000.00000, score = -0.08675
sigma = 100000.00000, lambda = 10000.00000, score = -0.00985
sigma = 100000.00000, lambda = 100000.00000, score = -0.00100
sigma = 100000.00000, lambda = 1000000.00000, score = -0.00010
sigma = 100000.00000, lambda = 10000000.00000, score = -0.00001
sigma = 100000.00000, lambda = 100000000.00000, score = -0.00000
sigma = 100000.00000, lambda = 1000000000.00000, score = -0.00000
sigma = 1000000.00000, lambda = 0.00100, score = -0.49999
sigma = 1000000.00000, lambda = 0.01000, score = -0.49999
sigma = 1000000.00000, lambda = 0.10000, score = -0.49999
sigma = 1000000.00000, lambda = 1.00000, score = -0.49990
sigma = 1000000.00000, lambda = 10.00000, score = -0.49555
sigma = 1000000.00000, lambda = 100.00000, score = -0.37448
sigma = 1000000.00000, lambda = 1000.00000, score = -0.08675
sigma = 1000000.00000, lambda = 10000.00000, score = -0.00985
sigma = 1000000.00000, lambda = 100000.00000, score = -0.00100
sigma = 1000000.00000, lambda = 1000000.00000, score = -0.00010
sigma = 1000000.00000, lambda = 10000000.00000, score = -0.00001
sigma = 1000000.00000, lambda = 100000000.00000, score = -0.00000
sigma = 1000000.00000, lambda = 1000000000.00000, score = -0.00000
sigma = 10000000.00000, lambda = 0.00100, score = -0.49999
sigma = 10000000.00000, lambda = 0.01000, score = -0.49999
sigma = 10000000.00000, lambda = 0.10000, score = -0.49999
sigma = 10000000.00000, lambda = 1.00000, score = -0.49990
sigma = 10000000.00000, lambda = 10.00000, score = -0.49555
sigma = 10000000.00000, lambda = 100.00000, score = -0.37448
sigma = 10000000.00000, lambda = 1000.00000, score = -0.08675
sigma = 10000000.00000, lambda = 10000.00000, score = -0.00985
sigma = 10000000.00000, lambda = 100000.00000, score = -0.00100
sigma = 10000000.00000, lambda = 1000000.00000, score = -0.00010
sigma = 10000000.00000, lambda = 10000000.00000, score = -0.00001True
0
RuLSIF starting...
Searching for the optimal sigma and lambda...
sigma = 0.00100, lambda = 0.00100, score = 0.21166
sigma = 0.00100, lambda = 0.01000, score = -0.00102
sigma = 0.00100, lambda = 0.10000, score = -0.00047
sigma = 0.00100, lambda = 1.00000, score = -0.00005
sigma = 0.00100, lambda = 10.00000, score = -0.00001
sigma = 0.00100, lambda = 100.00000, score = -0.00000
sigma = 0.00100, lambda = 1000.00000, score = -0.00000
sigma = 0.00100, lambda = 10000.00000, score = -0.00000
sigma = 0.00100, lambda = 100000.00000, score = -0.00000
sigma = 0.00100, lambda = 1000000.00000, score = -0.00000
sigma = 0.00100, lambda = 10000000.00000, score = -0.00000
sigma = 0.00100, lambda = 100000000.00000, score = -0.00000
sigma = 0.00100, lambda = 1000000000.00000, score = -0.00000
sigma = 0.01000, lambda = 0.00100, score = 0.21166
sigma = 0.01000, lambda = 0.01000, score = -0.00102
sigma = 0.01000, lambda = 0.10000, score = -0.00047
sigma = 0.01000, lambda = 1.00000, score = -0.00005
sigma = 0.01000, lambda = 10.00000, score = -0.00001
sigma = 0.01000, lambda = 100.00000, score = -0.00000
sigma = 0.01000, lambda = 1000.00000, score = -0.00000
sigma = 0.01000, lambda = 10000.00000, score = -0.00000
sigma = 0.01000, lambda = 100000.00000, score = -0.00000
sigma = 0.01000, lambda = 1000000.00000, score = -0.00000
sigma = 0.01000, lambda = 10000000.00000, score = -0.00000
sigma = 0.01000, lambda = 100000000.00000, score = -0.00000
sigma = 0.01000, lambda = 1000000000.00000, score = -0.00000
sigma = 0.10000, lambda = 0.00100, score = -0.18185
sigma = 0.10000, lambda = 0.01000, score = -0.09085
sigma = 0.10000, lambda = 0.10000, score = -0.01030
sigma = 0.10000, lambda = 1.00000, score = -0.00104
sigma = 0.10000, lambda = 10.00000, score = -0.00010
sigma = 0.10000, lambda = 100.00000, score = -0.00001
sigma = 0.10000, lambda = 1000.00000, score = -0.00000
sigma = 0.10000, lambda = 10000.00000, score = -0.00000
sigma = 0.10000, lambda = 100000.00000, score = -0.00000
sigma = 0.10000, lambda = 1000000.00000, score = -0.00000
sigma = 0.10000, lambda = 10000000.00000, score = -0.00000
sigma = 0.10000, lambda = 100000000.00000, score = -0.00000
sigma = 0.10000, lambda = 1000000000.00000, score = -0.00000
sigma = 1.00000, lambda = 0.00100, score = 71.04159
sigma = 1.00000, lambda = 0.01000, score = 2.14597
sigma = 1.00000, lambda = 0.10000, score = -0.37266
sigma = 1.00000, lambda = 1.00000, score = -0.49812
sigma = 1.00000, lambda = 10.00000, score = -0.45041
sigma = 1.00000, lambda = 100.00000, score = -0.18357
sigma = 1.00000, lambda = 1000.00000, score = -0.02511
sigma = 1.00000, lambda = 10000.00000, score = -0.00260
sigma = 1.00000, lambda = 100000.00000, score = -0.00026
sigma = 1.00000, lambda = 1000000.00000, score = -0.00003
sigma = 1.00000, lambda = 10000000.00000, score = -0.00000
sigma = 1.00000, lambda = 100000000.00000, score = -0.00000
sigma = 1.00000, lambda = 1000000000.00000, score = -0.00000
sigma = 10.00000, lambda = 0.00100, score = 43.70558
sigma = 10.00000, lambda = 0.01000, score = 0.59990
sigma = 10.00000, lambda = 0.10000, score = -0.50021
sigma = 10.00000, lambda = 1.00000, score = -0.49993
sigma = 10.00000, lambda = 10.00000, score = -0.49544
sigma = 10.00000, lambda = 100.00000, score = -0.37245
sigma = 10.00000, lambda = 1000.00000, score = -0.08553
sigma = 10.00000, lambda = 10000.00000, score = -0.00969
sigma = 10.00000, lambda = 100000.00000, score = -0.00098
sigma = 10.00000, lambda = 1000000.00000, score = -0.00010
sigma = 10.00000, lambda = 10000000.00000, score = -0.00001
sigma = 10.00000, lambda = 100000000.00000, score = -0.00000
sigma = 10.00000, lambda = 1000000000.00000, score = -0.00000
sigma = 100.00000, lambda = 0.00100, score = -0.49999
sigma = 100.00000, lambda = 0.01000, score = -0.49999
sigma = 100.00000, lambda = 0.10000, score = -0.49999
sigma = 100.00000, lambda = 1.00000, score = -0.49990
sigma = 100.00000, lambda = 10.00000, score = -0.49555
sigma = 100.00000, lambda = 100.00000, score = -0.37446
sigma = 100.00000, lambda = 1000.00000, score = -0.08673
sigma = 100.00000, lambda = 10000.00000, score = -0.00985
sigma = 100.00000, lambda = 100000.00000, score = -0.00100
sigma = 100.00000, lambda = 1000000.00000, score = -0.00010
sigma = 100.00000, lambda = 10000000.00000, score = -0.00001
sigma = 100.00000, lambda = 100000000.00000, score = -0.00000
sigma = 100.00000, lambda = 1000000000.00000, score = -0.00000
sigma = 1000.00000, lambda = 0.00100, score = -0.49999
sigma = 1000.00000, lambda = 0.01000, score = -0.49999
sigma = 1000.00000, lambda = 0.10000, score = -0.49999
sigma = 1000.00000, lambda = 1.00000, score = -0.49990
sigma = 1000.00000, lambda = 10.00000, score = -0.49555
sigma = 1000.00000, lambda = 100.00000, score = -0.37448
sigma = 1000.00000, lambda = 1000.00000, score = -0.08675
sigma = 1000.00000, lambda = 10000.00000, score = -0.00985
sigma = 1000.00000, lambda = 100000.00000, score = -0.00100
sigma = 1000.00000, lambda = 1000000.00000, score = -0.00010
sigma = 1000.00000, lambda = 10000000.00000, score = -0.00001
sigma = 1000.00000, lambda = 100000000.00000, score = -0.00000
sigma = 1000.00000, lambda = 1000000000.00000, score = -0.00000
sigma = 10000.00000, lambda = 0.00100, score = -0.49999
sigma = 10000.00000, lambda = 0.01000, score = -0.49999
sigma = 10000.00000, lambda = 0.10000, score = -0.49999
sigma = 10000.00000, lambda = 1.00000, score = -0.49990
sigma = 10000.00000, lambda = 10.00000, score = -0.49555
sigma = 10000.00000, lambda = 100.00000, score = -0.37448
sigma = 10000.00000, lambda = 1000.00000, score = -0.08675
sigma = 10000.00000, lambda = 10000.00000, score = -0.00985
sigma = 10000.00000, lambda = 100000.00000, score = -0.00100
sigma = 10000.00000, lambda = 1000000.00000, score = -0.00010
sigma = 10000.00000, lambda = 10000000.00000, score = -0.00001
sigma = 10000.00000, lambda = 100000000.00000, score = -0.00000
sigma = 10000.00000, lambda = 1000000000.00000, score = -0.00000
sigma = 100000.00000, lambda = 0.00100, score = -0.49999
sigma = 100000.00000, lambda = 0.01000, score = -0.49999
sigma = 100000.00000, lambda = 0.10000, score = -0.49999
sigma = 100000.00000, lambda = 1.00000, score = -0.49990
sigma = 100000.00000, lambda = 10.00000, score = -0.49555
sigma = 100000.00000, lambda = 100.00000, score = -0.37448
sigma = 100000.00000, lambda = 1000.00000, score = -0.08675
sigma = 100000.00000, lambda = 10000.00000, score = -0.00985
sigma = 100000.00000, lambda = 100000.00000, score = -0.00100
sigma = 100000.00000, lambda = 1000000.00000, score = -0.00010
sigma = 100000.00000, lambda = 10000000.00000, score = -0.00001
sigma = 100000.00000, lambda = 100000000.00000, score = -0.00000
sigma = 100000.00000, lambda = 1000000000.00000, score = -0.00000
sigma = 1000000.00000, lambda = 0.00100, score = -0.49999
sigma = 1000000.00000, lambda = 0.01000, score = -0.49999
sigma = 1000000.00000, lambda = 0.10000, score = -0.49999
sigma = 1000000.00000, lambda = 1.00000, score = -0.49990
sigma = 1000000.00000, lambda = 10.00000, score = -0.49555
sigma = 1000000.00000, lambda = 100.00000, score = -0.37448
sigma = 1000000.00000, lambda = 1000.00000, score = -0.08675
sigma = 1000000.00000, lambda = 10000.00000, score = -0.00985
sigma = 1000000.00000, lambda = 100000.00000, score = -0.00100
sigma = 1000000.00000, lambda = 1000000.00000, score = -0.00010
sigma = 1000000.00000, lambda = 10000000.00000, score = -0.00001
sigma = 1000000.00000, lambda = 100000000.00000, score = -0.00000
sigma = 1000000.00000, lambda = 1000000000.00000, score = -0.00000
sigma = 10000000.00000, lambda = 0.00100, score = -0.49999
sigma = 10000000.00000, lambda = 0.01000, score = -0.49999
sigma = 10000000.00000, lambda = 0.10000, score = -0.49999
sigma = 10000000.00000, lambda = 1.00000, score = -0.49990
sigma = 10000000.00000, lambda = 10.00000, score = -0.49555
sigma = 10000000.00000, lambda = 100.00000, score = -0.37448
sigma = 10000000.00000, lambda = 1000.00000, score = -0.08675
sigma = 10000000.00000, lambda = 10000.00000, score = -0.00985
sigma = 10000000.00000, lambda = 100000.00000, score = -0.00100
sigma = 10000000.00000, lambda = 1000000.00000, score = -0.00010
True
0
RuLSIF starting...
Searching for the optimal sigma and lambda...
sigma = 0.00100, lambda = 0.00100, score = 0.00000
sigma = 0.00100, lambda = 0.01000, score = 0.00000
sigma = 0.00100, lambda = 0.10000, score = 0.00000
sigma = 0.00100, lambda = 1.00000, score = 0.00000
sigma = 0.00100, lambda = 10.00000, score = 0.00000
sigma = 0.00100, lambda = 100.00000, score = 0.00000
sigma = 0.00100, lambda = 1000.00000, score = 0.00000
sigma = 0.00100, lambda = 10000.00000, score = 0.00000
sigma = 0.00100, lambda = 100000.00000, score = 0.00000
sigma = 0.00100, lambda = 1000000.00000, score = 0.00000
sigma = 0.00100, lambda = 10000000.00000, score = 0.00000
sigma = 0.00100, lambda = 100000000.00000, score = 0.00000
sigma = 0.00100, lambda = 1000000000.00000, score = 0.00000
sigma = 0.01000, lambda = 0.00100, score = -0.00011
sigma = 0.01000, lambda = 0.01000, score = -0.00001
sigma = 0.01000, lambda = 0.10000, score = -0.00000
sigma = 0.01000, lambda = 1.00000, score = -0.00000
sigma = 0.01000, lambda = 10.00000, score = -0.00000
sigma = 0.01000, lambda = 100.00000, score = -0.00000
sigma = 0.01000, lambda = 1000.00000, score = -0.00000
sigma = 0.01000, lambda = 10000.00000, score = -0.00000
sigma = 0.01000, lambda = 100000.00000, score = -0.00000
sigma = 0.01000, lambda = 1000000.00000, score = -0.00000
sigma = 0.01000, lambda = 10000000.00000, score = -0.00000
sigma = 0.01000, lambda = 100000000.00000, score = -0.00000
sigma = 0.01000, lambda = 1000000000.00000, score = -0.00000
sigma = 0.10000, lambda = 0.00100, score = 0.29575
sigma = 0.10000, lambda = 0.01000, score = -0.08748
sigma = 0.10000, lambda = 0.10000, score = -0.01273
sigma = 0.10000, lambda = 1.00000, score = -0.00132
sigma = 0.10000, lambda = 10.00000, score = -0.00013
sigma = 0.10000, lambda = 100.00000, score = -0.00001
sigma = 0.10000, lambda = 1000.00000, score = -0.00000
sigma = 0.10000, lambda = 10000.00000, score = -0.00000
sigma = 0.10000, lambda = 100000.00000, score = -0.00000
sigma = 0.10000, lambda = 1000000.00000, score = -0.00000
sigma = 0.10000, lambda = 10000000.00000, score = -0.00000
sigma = 0.10000, lambda = 100000000.00000, score = -0.00000
sigma = 0.10000, lambda = 1000000000.00000, score = -0.00000
sigma = 1.00000, lambda = 0.00100, score = 87.83391
sigma = 1.00000, lambda = 0.01000, score = 3.83953
sigma = 1.00000, lambda = 0.10000, score = -0.19712
sigma = 1.00000, lambda = 1.00000, score = -0.52048
sigma = 1.00000, lambda = 10.00000, score = -0.47462
sigma = 1.00000, lambda = 100.00000, score = -0.20055
sigma = 1.00000, lambda = 1000.00000, score = -0.02782
sigma = 1.00000, lambda = 10000.00000, score = -0.00289
sigma = 1.00000, lambda = 100000.00000, score = -0.00029
sigma = 1.00000, lambda = 1000000.00000, score = -0.00003
sigma = 1.00000, lambda = 10000000.00000, score = -0.00000
sigma = 1.00000, lambda = 100000000.00000, score = -0.00000
sigma = 1.00000, lambda = 1000000000.00000, score = -0.00000
sigma = 10.00000, lambda = 0.00100, score = 173.80177
sigma = 10.00000, lambda = 0.01000, score = 1.16066
sigma = 10.00000, lambda = 0.10000, score = -0.50046
sigma = 10.00000, lambda = 1.00000, score = -0.50016
sigma = 10.00000, lambda = 10.00000, score = -0.49541
sigma = 10.00000, lambda = 100.00000, score = -0.37222
sigma = 10.00000, lambda = 1000.00000, score = -0.08559
sigma = 10.00000, lambda = 10000.00000, score = -0.00970
sigma = 10.00000, lambda = 100000.00000, score = -0.00098
sigma = 10.00000, lambda = 1000000.00000, score = -0.00010
sigma = 10.00000, lambda = 10000000.00000, score = -0.00001
sigma = 10.00000, lambda = 100000000.00000, score = -0.00000
sigma = 10.00000, lambda = 1000000000.00000, score = -0.00000
sigma = 100.00000, lambda = 0.00100, score = -0.49997
sigma = 100.00000, lambda = 0.01000, score = -0.49997
sigma = 100.00000, lambda = 0.10000, score = -0.49996
sigma = 100.00000, lambda = 1.00000, score = -0.49984
sigma = 100.00000, lambda = 10.00000, score = -0.49522
sigma = 100.00000, lambda = 100.00000, score = -0.37393
sigma = 100.00000, lambda = 1000.00000, score = -0.08670
sigma = 100.00000, lambda = 10000.00000, score = -0.00985
sigma = 100.00000, lambda = 100000.00000, score = -0.00100
sigma = 100.00000, lambda = 1000000.00000, score = -0.00010
sigma = 100.00000, lambda = 10000000.00000, score = -0.00001
sigma = 100.00000, lambda = 100000000.00000, score = -0.00000
sigma = 100.00000, lambda = 1000000000.00000, score = -0.00000
sigma = 1000.00000, lambda = 0.00100, score = -0.49997
sigma = 1000.00000, lambda = 0.01000, score = -0.49996
sigma = 1000.00000, lambda = 0.10000, score = -0.49996
sigma = 1000.00000, lambda = 1.00000, score = -0.49984
sigma = 1000.00000, lambda = 10.00000, score = -0.49522
sigma = 1000.00000, lambda = 100.00000, score = -0.37395
sigma = 1000.00000, lambda = 1000.00000, score = -0.08671
sigma = 1000.00000, lambda = 10000.00000, score = -0.00985
sigma = 1000.00000, lambda = 100000.00000, score = -0.00100
sigma = 1000.00000, lambda = 1000000.00000, score = -0.00010
sigma = 1000.00000, lambda = 10000000.00000, score = -0.00001
sigma = 1000.00000, lambda = 100000000.00000, score = -0.00000
sigma = 1000.00000, lambda = 1000000000.00000, score = -0.00000
sigma = 10000.00000, lambda = 0.00100, score = -0.49997
sigma = 10000.00000, lambda = 0.01000, score = -0.49996
sigma = 10000.00000, lambda = 0.10000, score = -0.49996
sigma = 10000.00000, lambda = 1.00000, score = -0.49984
sigma = 10000.00000, lambda = 10.00000, score = -0.49522
sigma = 10000.00000, lambda = 100.00000, score = -0.37395
sigma = 10000.00000, lambda = 1000.00000, score = -0.08671
sigma = 10000.00000, lambda = 10000.00000, score = -0.00985
sigma = 10000.00000, lambda = 100000.00000, score = -0.00100
sigma = 10000.00000, lambda = 1000000.00000, score = -0.00010
sigma = 10000.00000, lambda = 10000000.00000, score = -0.00001
sigma = 10000.00000, lambda = 100000000.00000, score = -0.00000
sigma = 10000.00000, lambda = 1000000000.00000, score = -0.00000
sigma = 100000.00000, lambda = 0.00100, score = -0.49997
sigma = 100000.00000, lambda = 0.01000, score = -0.49996
sigma = 100000.00000, lambda = 0.10000, score = -0.49996
sigma = 100000.00000, lambda = 1.00000, score = -0.49984
sigma = 100000.00000, lambda = 10.00000, score = -0.49522
sigma = 100000.00000, lambda = 100.00000, score = -0.37395
sigma = 100000.00000, lambda = 1000.00000, score = -0.08671
sigma = 100000.00000, lambda = 10000.00000, score = -0.00985
sigma = 100000.00000, lambda = 100000.00000, score = -0.00100
sigma = 100000.00000, lambda = 1000000.00000, score = -0.00010
sigma = 100000.00000, lambda = 10000000.00000, score = -0.00001
sigma = 100000.00000, lambda = 100000000.00000, score = -0.00000
sigma = 100000.00000, lambda = 1000000000.00000, score = -0.00000
sigma = 1000000.00000, lambda = 0.00100, score = -0.49997
sigma = 1000000.00000, lambda = 0.01000, score = -0.49996
sigma = 1000000.00000, lambda = 0.10000, score = -0.49996
sigma = 1000000.00000, lambda = 1.00000, score = -0.49984
sigma = 1000000.00000, lambda = 10.00000, score = -0.49522
sigma = 1000000.00000, lambda = 100.00000, score = -0.37395
sigma = 1000000.00000, lambda = 1000.00000, score = -0.08671
sigma = 1000000.00000, lambda = 10000.00000, score = -0.00985
sigma = 1000000.00000, lambda = 100000.00000, score = -0.00100
sigma = 1000000.00000, lambda = 1000000.00000, score = -0.00010
sigma = 1000000.00000, lambda = 10000000.00000, score = -0.00001
sigma = 1000000.00000, lambda = 100000000.00000, score = -0.00000
sigma = 1000000.00000, lambda = 1000000000.00000, score = -0.00000
sigma = 10000000.00000, lambda = 0.00100, score = -0.49997
sigma = 10000000.00000, lambda = 0.01000, score = -0.49996
sigma = 10000000.00000, lambda = 0.10000, score = -0.49996
sigma = 10000000.00000, lambda = 1.00000, score = -0.49984
sigma = 10000000.00000, lambda = 10.00000, score = -0.49522
sigma = 10000000.00000, lambda = 100.00000, score = -0.37395
sigma = 10000000.00000, lambda = 1000.00000, score = -0.08671
sigma = 10000000.00000, lambda = 10000.00000, score = -0.00985
sigma = 10000000.00000, lambda = 100000.00000, score = -0.00100
sigma = 10000000.00000, lambda = 1000000.00000, score = -0.00010
sigma = 10000000.00000, lambda = 10000000.00000, score = -0.00001True
0
RuLSIF starting...
Searching for the optimal sigma and lambda...
sigma = 0.00100, lambda = 0.00100, score = 0.00000
sigma = 0.00100, lambda = 0.01000, score = 0.00000
sigma = 0.00100, lambda = 0.10000, score = 0.00000
sigma = 0.00100, lambda = 1.00000, score = 0.00000
sigma = 0.00100, lambda = 10.00000, score = 0.00000
sigma = 0.00100, lambda = 100.00000, score = 0.00000
sigma = 0.00100, lambda = 1000.00000, score = 0.00000
sigma = 0.00100, lambda = 10000.00000, score = 0.00000
sigma = 0.00100, lambda = 100000.00000, score = 0.00000
sigma = 0.00100, lambda = 1000000.00000, score = 0.00000
sigma = 0.00100, lambda = 10000000.00000, score = 0.00000
sigma = 0.00100, lambda = 100000000.00000, score = 0.00000
sigma = 0.00100, lambda = 1000000000.00000, score = 0.00000
sigma = 0.01000, lambda = 0.00100, score = 0.00094
sigma = 0.01000, lambda = 0.01000, score = 0.00001
sigma = 0.01000, lambda = 0.10000, score = 0.00000
sigma = 0.01000, lambda = 1.00000, score = 0.00000
sigma = 0.01000, lambda = 10.00000, score = 0.00000
sigma = 0.01000, lambda = 100.00000, score = 0.00000
sigma = 0.01000, lambda = 1000.00000, score = 0.00000
sigma = 0.01000, lambda = 10000.00000, score = 0.00000
sigma = 0.01000, lambda = 100000.00000, score = 0.00000
sigma = 0.01000, lambda = 1000000.00000, score = -0.00000
sigma = 0.01000, lambda = 10000000.00000, score = -0.00000
sigma = 0.01000, lambda = 100000000.00000, score = -0.00000
sigma = 0.01000, lambda = 1000000000.00000, score = -0.00000
sigma = 0.10000, lambda = 0.00100, score = -0.15937
sigma = 0.10000, lambda = 0.01000, score = -0.06627
sigma = 0.10000, lambda = 0.10000, score = -0.01324
sigma = 0.10000, lambda = 1.00000, score = -0.00151
sigma = 0.10000, lambda = 10.00000, score = -0.00015
sigma = 0.10000, lambda = 100.00000, score = -0.00002
sigma = 0.10000, lambda = 1000.00000, score = -0.00000
sigma = 0.10000, lambda = 10000.00000, score = -0.00000
sigma = 0.10000, lambda = 100000.00000, score = -0.00000
sigma = 0.10000, lambda = 1000000.00000, score = -0.00000
sigma = 0.10000, lambda = 10000000.00000, score = -0.00000
sigma = 0.10000, lambda = 100000000.00000, score = -0.00000
sigma = 0.10000, lambda = 1000000000.00000, score = -0.00000
sigma = 1.00000, lambda = 0.00100, score = 113.35660
sigma = 1.00000, lambda = 0.01000, score = 4.87186
sigma = 1.00000, lambda = 0.10000, score = -0.38893
sigma = 1.00000, lambda = 1.00000, score = -0.47629
sigma = 1.00000, lambda = 10.00000, score = -0.45197
sigma = 1.00000, lambda = 100.00000, score = -0.19239
sigma = 1.00000, lambda = 1000.00000, score = -0.02669
sigma = 1.00000, lambda = 10000.00000, score = -0.00277
sigma = 1.00000, lambda = 100000.00000, score = -0.00028
sigma = 1.00000, lambda = 1000000.00000, score = -0.00003
sigma = 1.00000, lambda = 10000000.00000, score = -0.00000
sigma = 1.00000, lambda = 100000000.00000, score = -0.00000
sigma = 1.00000, lambda = 1000000000.00000, score = -0.00000
sigma = 10.00000, lambda = 0.00100, score = 24.28532
sigma = 10.00000, lambda = 0.01000, score = -0.25062
sigma = 10.00000, lambda = 0.10000, score = -0.49989
sigma = 10.00000, lambda = 1.00000, score = -0.49983
sigma = 10.00000, lambda = 10.00000, score = -0.49511
sigma = 10.00000, lambda = 100.00000, score = -0.37204
sigma = 10.00000, lambda = 1000.00000, score = -0.08556
sigma = 10.00000, lambda = 10000.00000, score = -0.00970
sigma = 10.00000, lambda = 100000.00000, score = -0.00098
sigma = 10.00000, lambda = 1000000.00000, score = -0.00010
sigma = 10.00000, lambda = 10000000.00000, score = -0.00001
sigma = 10.00000, lambda = 100000000.00000, score = -0.00000
sigma = 10.00000, lambda = 1000000000.00000, score = -0.00000
sigma = 100.00000, lambda = 0.00100, score = -0.49996
sigma = 100.00000, lambda = 0.01000, score = -0.49996
sigma = 100.00000, lambda = 0.10000, score = -0.49996
sigma = 100.00000, lambda = 1.00000, score = -0.49984
sigma = 100.00000, lambda = 10.00000, score = -0.49522
sigma = 100.00000, lambda = 100.00000, score = -0.37393
sigma = 100.00000, lambda = 1000.00000, score = -0.08670
sigma = 100.00000, lambda = 10000.00000, score = -0.00985
sigma = 100.00000, lambda = 100000.00000, score = -0.00100
sigma = 100.00000, lambda = 1000000.00000, score = -0.00010
sigma = 100.00000, lambda = 10000000.00000, score = -0.00001
sigma = 100.00000, lambda = 100000000.00000, score = -0.00000
sigma = 100.00000, lambda = 1000000000.00000, score = -0.00000
sigma = 1000.00000, lambda = 0.00100, score = -0.49997
sigma = 1000.00000, lambda = 0.01000, score = -0.49996
sigma = 1000.00000, lambda = 0.10000, score = -0.49996
sigma = 1000.00000, lambda = 1.00000, score = -0.49984
sigma = 1000.00000, lambda = 10.00000, score = -0.49522
sigma = 1000.00000, lambda = 100.00000, score = -0.37395
sigma = 1000.00000, lambda = 1000.00000, score = -0.08671
sigma = 1000.00000, lambda = 10000.00000, score = -0.00985
sigma = 1000.00000, lambda = 100000.00000, score = -0.00100
sigma = 1000.00000, lambda = 1000000.00000, score = -0.00010
sigma = 1000.00000, lambda = 10000000.00000, score = -0.00001
sigma = 1000.00000, lambda = 100000000.00000, score = -0.00000
sigma = 1000.00000, lambda = 1000000000.00000, score = -0.00000
sigma = 10000.00000, lambda = 0.00100, score = -0.49997
sigma = 10000.00000, lambda = 0.01000, score = -0.49996
sigma = 10000.00000, lambda = 0.10000, score = -0.49996
sigma = 10000.00000, lambda = 1.00000, score = -0.49984
sigma = 10000.00000, lambda = 10.00000, score = -0.49522
sigma = 10000.00000, lambda = 100.00000, score = -0.37395
sigma = 10000.00000, lambda = 1000.00000, score = -0.08671
sigma = 10000.00000, lambda = 10000.00000, score = -0.00985
sigma = 10000.00000, lambda = 100000.00000, score = -0.00100
sigma = 10000.00000, lambda = 1000000.00000, score = -0.00010
sigma = 10000.00000, lambda = 10000000.00000, score = -0.00001
sigma = 10000.00000, lambda = 100000000.00000, score = -0.00000
sigma = 10000.00000, lambda = 1000000000.00000, score = -0.00000
sigma = 100000.00000, lambda = 0.00100, score = -0.49997
sigma = 100000.00000, lambda = 0.01000, score = -0.49996
sigma = 100000.00000, lambda = 0.10000, score = -0.49996
sigma = 100000.00000, lambda = 1.00000, score = -0.49984
sigma = 100000.00000, lambda = 10.00000, score = -0.49522
sigma = 100000.00000, lambda = 100.00000, score = -0.37395
sigma = 100000.00000, lambda = 1000.00000, score = -0.08671
sigma = 100000.00000, lambda = 10000.00000, score = -0.00985
sigma = 100000.00000, lambda = 100000.00000, score = -0.00100
sigma = 100000.00000, lambda = 1000000.00000, score = -0.00010
sigma = 100000.00000, lambda = 10000000.00000, score = -0.00001
sigma = 100000.00000, lambda = 100000000.00000, score = -0.00000
sigma = 100000.00000, lambda = 1000000000.00000, score = -0.00000
sigma = 1000000.00000, lambda = 0.00100, score = -0.49997
sigma = 1000000.00000, lambda = 0.01000, score = -0.49996
sigma = 1000000.00000, lambda = 0.10000, score = -0.49996
sigma = 1000000.00000, lambda = 1.00000, score = -0.49984
sigma = 1000000.00000, lambda = 10.00000, score = -0.49522
sigma = 1000000.00000, lambda = 100.00000, score = -0.37395
sigma = 1000000.00000, lambda = 1000.00000, score = -0.08671
sigma = 1000000.00000, lambda = 10000.00000, score = -0.00985
sigma = 1000000.00000, lambda = 100000.00000, score = -0.00100
sigma = 1000000.00000, lambda = 1000000.00000, score = -0.00010
sigma = 1000000.00000, lambda = 10000000.00000, score = -0.00001
sigma = 1000000.00000, lambda = 100000000.00000, score = -0.00000
sigma = 1000000.00000, lambda = 1000000000.00000, score = -0.00000
sigma = 10000000.00000, lambda = 0.00100, score = -0.49997
sigma = 10000000.00000, lambda = 0.01000, score = -0.49996
sigma = 10000000.00000, lambda = 0.10000, score = -0.49996
sigma = 10000000.00000, lambda = 1.00000, score = -0.49984
sigma = 10000000.00000, lambda = 10.00000, score = -0.49522
sigma = 10000000.00000, lambda = 100.00000, score = -0.37395
sigma = 10000000.00000, lambda = 1000.00000, score = -0.08671
sigma = 10000000.00000, lambda = 10000.00000, score = -0.00985
sigma = 10000000.00000, lambda = 100000.00000, score = -0.00100
sigma = 10000000.00000, lambda = 1000000.00000, score = -0.00010
sigma = 10000000.00000, lambda = 10000000.00000, score = -0.00001
sigma = 10000000.00000, lambda = 100000000.00000, score = -0.00000
sigma = 10000000.00000, lambda = 1000000000.00000, score = -0.00000
sigma = 100000000.00000, lambda = 0.00100, score = -0.49997
sigma = 100000000.00000, lambda = 0.01000, score = -0.49996
sigma = 100000000.00000, lambda = 0.10000, score = -0.49996
sigma = 100000000.00000, lambda = 1.00000, score = -0.49984
sigma = 100000000.00000, lambda = 10.00000, score = -0.49522
sigma = 100000000.00000, lambda = 100.00000, score = -0.37395
sigma = 100000000.00000, lambda = 1000.00000, score = -0.08671
sigma = 100000000.00000, lambda = 10000.00000, score = -0.00985
sigma = 100000000.00000, lambda = 100000.00000, score = -0.00100
sigma = 100000000.00000, lambda = 1000000.00000, score = -0.00010
sigma = 100000000.00000, lambda = 10000000.00000, score = -0.00001
sigma = 100000000.00000, lambda = 100000000.00000, score = -0.00000
sigma = 100000000.00000, lambda = 1000000000.00000, score = -0.00000
sigma = 1000000000.00000, lambda = 0.00100, score = -0.49997
sigma = 1000000000.00000, lambda = 0.01000, score = -0.49996
sigma = 1000000000.00000, lambda = 0.10000, score = -0.49996
sigma = 1000000000.00000, lambda = 1.00000, score = -0.49984
sigma = 1000000000.00000, lambda = 10.00000, score = -0.49522
sigma = 1000000000.00000, lambda = 100.00000, score = -0.37395
sigma = 1000000000.00000, lambda = 1000.00000, score = -0.08671
sigma = 1000000000.00000, lambda = 10000.00000, score = -0.00985
sigma = 1000000000.00000, lambda = 100000.00000, score = -0.00100
sigma = 1000000000.00000, lambda = 1000000.00000, score = -0.00010
sigma = 1000000000.00000, lambda = 10000000.00000, score = -0.00001
sigma = 1000000000.00000, lambda = 100000000.00000, score = -0.00000
sigma = 1000000000.00000, lambda = 1000000000.00000, score = -0.00000
Found optimal sigma = 1.000, lambda = 1.000.
Optimizing theta...
Approximate alpha-relative PE-divergence = -0.66
Approximate alpha-relative KL-divergence = 0.05
RuLSIF completed.
RuLSIF starting...
Searching for the optimal sigma and lambda...
sigma = 0.00100, lambda = 0.00100, score = 0.00000
sigma = 0.00100, lambda = 0.01000, score = 0.00000
sigma = 0.00100, lambda = 0.10000, score = 0.00000
sigma = 0.00100, lambda = 1.00000, score = 0.00000
sigma = 0.00100, lambda = 10.00000, score = 0.00000
sigma = 0.00100, lambda = 100.00000, score = 0.00000
sigma = 0.00100, lambda = 1000.00000, score = 0.00000
sigma = 0.00100, lambda = 10000.00000, score = 0.00000
sigma = 0.00100, lambda = 100000.00000, score = 0.00000
sigma = 0.00100, lambda = 1000000.00000, score = 0.00000
sigma = 0.00100, lambda = 10000000.00000, score = 0.00000
sigma = 0.00100, lambda = 100000000.00000, score = 0.00000
sigma = 0.00100, lambda = 1000000000.00000, score = 0.00000
sigma = 0.01000, lambda = 0.00100, score = 0.03462
sigma = 0.01000, lambda = 0.01000, score = 0.00035
sigma = 0.01000, lambda = 0.10000, score = 0.00000
sigma = 0.01000, lambda = 1.00000, score = 0.00000
sigma = 0.01000, lambda = 10.00000, score = 0.00000
sigma = 0.01000, lambda = 100.00000, score = 0.00000
sigma = 0.01000, lambda = 1000.00000, score = 0.00000
sigma = 0.01000, lambda = 10000.00000, score = 0.00000
sigma = 0.01000, lambda = 100000.00000, score = 0.00000
sigma = 0.01000, lambda = 1000000.00000, score = 0.00000
sigma = 0.01000, lambda = 10000000.00000, score = 0.00000
sigma = 0.01000, lambda = 100000000.00000, score = 0.00000
sigma = 0.01000, lambda = 1000000000.00000, score = 0.00000
sigma = 0.10000, lambda = 0.00100, score = 0.67151
sigma = 0.10000, lambda = 0.01000, score = -0.05434
sigma = 0.10000, lambda = 0.10000, score = -0.01127
sigma = 0.10000, lambda = 1.00000, score = -0.00122
sigma = 0.10000, lambda = 10.00000, score = -0.00012
sigma = 0.10000, lambda = 100.00000, score = -0.00001
sigma = 0.10000, lambda = 1000.00000, score = -0.00000
sigma = 0.10000, lambda = 10000.00000, score = -0.00000
sigma = 0.10000, lambda = 100000.00000, score = -0.00000
sigma = 0.10000, lambda = 1000000.00000, score = -0.00000
sigma = 0.10000, lambda = 10000000.00000, score = -0.00000
sigma = 0.10000, lambda = 100000000.00000, score = -0.00000
sigma = 0.10000, lambda = 1000000000.00000, score = -0.00000
sigma = 1.00000, lambda = 0.00100, score = 102.14344
sigma = 1.00000, lambda = 0.01000, score = 3.45630
sigma = 1.00000, lambda = 0.10000, score = -0.48883
sigma = 1.00000, lambda = 1.00000, score = -0.50685
sigma = 1.00000, lambda = 10.00000, score = -0.47283
sigma = 1.00000, lambda = 100.00000, score = -0.20320
sigma = 1.00000, lambda = 1000.00000, score = -0.02854
sigma = 1.00000, lambda = 10000.00000, score = -0.00297
sigma = 1.00000, lambda = 100000.00000, score = -0.00030
sigma = 1.00000, lambda = 1000000.00000, score = -0.00003
sigma = 1.00000, lambda = 10000000.00000, score = -0.00000
sigma = 1.00000, lambda = 100000000.00000, score = -0.00000
sigma = 1.00000, lambda = 1000000000.00000, score = -0.00000
sigma = 10.00000, lambda = 0.00100, score = 9.75591
sigma = 10.00000, lambda = 0.01000, score = -0.42665
sigma = 10.00000, lambda = 0.10000, score = -0.50034
sigma = 10.00000, lambda = 1.00000, score = -0.50030
sigma = 10.00000, lambda = 10.00000, score = -0.49551
sigma = 10.00000, lambda = 100.00000, score = -0.37229
sigma = 10.00000, lambda = 1000.00000, score = -0.08564
sigma = 10.00000, lambda = 10000.00000, score = -0.00971
sigma = 10.00000, lambda = 100000.00000, score = -0.00098
sigma = 10.00000, lambda = 1000000.00000, score = -0.00010
sigma = 10.00000, lambda = 10000000.00000, score = -0.00001
sigma = 10.00000, lambda = 100000000.00000, score = -0.00000
sigma = 10.00000, lambda = 1000000000.00000, score = -0.00000
sigma = 100.00000, lambda = 0.00100, score = -0.49997
sigma = 100.00000, lambda = 0.01000, score = -0.49997
sigma = 100.00000, lambda = 0.10000, score = -0.49996
sigma = 100.00000, lambda = 1.00000, score = -0.49984
sigma = 100.00000, lambda = 10.00000, score = -0.49522
sigma = 100.00000, lambda = 100.00000, score = -0.37393
sigma = 100.00000, lambda = 1000.00000, score = -0.08670
sigma = 100.00000, lambda = 10000.00000, score = -0.00985
sigma = 100.00000, lambda = 100000.00000, score = -0.00100
sigma = 100.00000, lambda = 1000000.00000, score = -0.00010
sigma = 100.00000, lambda = 10000000.00000, score = -0.00001
sigma = 100.00000, lambda = 100000000.00000, score = -0.00000
sigma = 100.00000, lambda = 1000000000.00000, score = -0.00000
sigma = 1000.00000, lambda = 0.00100, score = -0.49997
sigma = 1000.00000, lambda = 0.01000, score = -0.49996
sigma = 1000.00000, lambda = 0.10000, score = -0.49996
sigma = 1000.00000, lambda = 1.00000, score = -0.49984
sigma = 1000.00000, lambda = 10.00000, score = -0.49522
sigma = 1000.00000, lambda = 100.00000, score = -0.37395
sigma = 1000.00000, lambda = 1000.00000, score = -0.08671
sigma = 1000.00000, lambda = 10000.00000, score = -0.00985
sigma = 1000.00000, lambda = 100000.00000, score = -0.00100
sigma = 1000.00000, lambda = 1000000.00000, score = -0.00010
sigma = 1000.00000, lambda = 10000000.00000, score = -0.00001
sigma = 1000.00000, lambda = 100000000.00000, score = -0.00000
sigma = 1000.00000, lambda = 1000000000.00000, score = -0.00000
sigma = 10000.00000, lambda = 0.00100, score = -0.49997
sigma = 10000.00000, lambda = 0.01000, score = -0.49996
sigma = 10000.00000, lambda = 0.10000, score = -0.49996
sigma = 10000.00000, lambda = 1.00000, score = -0.49984
sigma = 10000.00000, lambda = 10.00000, score = -0.49522
sigma = 10000.00000, lambda = 100.00000, score = -0.37395
sigma = 10000.00000, lambda = 1000.00000, score = -0.08671
sigma = 10000.00000, lambda = 10000.00000, score = -0.00985
sigma = 10000.00000, lambda = 100000.00000, score = -0.00100
sigma = 10000.00000, lambda = 1000000.00000, score = -0.00010
sigma = 10000.00000, lambda = 10000000.00000, score = -0.00001
sigma = 10000.00000, lambda = 100000000.00000, score = -0.00000
sigma = 10000.00000, lambda = 1000000000.00000, score = -0.00000
sigma = 100000.00000, lambda = 0.00100, score = -0.49997
sigma = 100000.00000, lambda = 0.01000, score = -0.49996
sigma = 100000.00000, lambda = 0.10000, score = -0.49996
sigma = 100000.00000, lambda = 1.00000, score = -0.49984
sigma = 10000000.00000, lambda = 10000000.00000, score = -0.00001
sigma = 10000000.00000, lambda = 100000000.00000, score = -0.00000
sigma = 10000000.00000, lambda = 1000000000.00000, score = -0.00000
sigma = 100000000.00000, lambda = 0.00100, score = -0.49999
sigma = 100000000.00000, lambda = 0.01000, score = -0.49999
sigma = 100000000.00000, lambda = 0.10000, score = -0.49999
sigma = 100000000.00000, lambda = 1.00000, score = -0.49990
sigma = 100000000.00000, lambda = 10.00000, score = -0.49555
sigma = 100000000.00000, lambda = 100.00000, score = -0.37448
sigma = 100000000.00000, lambda = 1000.00000, score = -0.08675
sigma = 100000000.00000, lambda = 10000.00000, score = -0.00985
sigma = 100000000.00000, lambda = 100000.00000, score = -0.00100
sigma = 100000000.00000, lambda = 1000000.00000, score = -0.00010
sigma = 100000000.00000, lambda = 10000000.00000, score = -0.00001
sigma = 100000000.00000, lambda = 100000000.00000, score = -0.00000
sigma = 100000000.00000, lambda = 1000000000.00000, score = -0.00000
sigma = 1000000000.00000, lambda = 0.00100, score = -0.49999
sigma = 1000000000.00000, lambda = 0.01000, score = -0.49999
sigma = 1000000000.00000, lambda = 0.10000, score = -0.49999
sigma = 1000000000.00000, lambda = 1.00000, score = -0.49990
sigma = 1000000000.00000, lambda = 10.00000, score = -0.49555
sigma = 1000000000.00000, lambda = 100.00000, score = -0.37448
sigma = 1000000000.00000, lambda = 1000.00000, score = -0.08675
sigma = 1000000000.00000, lambda = 10000.00000, score = -0.00985
sigma = 1000000000.00000, lambda = 100000.00000, score = -0.00100
sigma = 1000000000.00000, lambda = 1000000.00000, score = -0.00010
sigma = 1000000000.00000, lambda = 10000000.00000, score = -0.00001
sigma = 1000000000.00000, lambda = 100000000.00000, score = -0.00000
sigma = 1000000000.00000, lambda = 1000000000.00000, score = -0.00000
Found optimal sigma = 10.000, lambda = 0.100.
Optimizing theta...
Approximate alpha-relative PE-divergence = 0.17
Approximate alpha-relative KL-divergence = -0.00
RuLSIF completed.
RuLSIF starting...
Searching for the optimal sigma and lambda...
sigma = 0.00100, lambda = 0.00100, score = 0.00000
sigma = 0.00100, lambda = 0.01000, score = 0.00000
sigma = 0.00100, lambda = 0.10000, score = 0.00000
sigma = 0.00100, lambda = 1.00000, score = 0.00000
sigma = 0.00100, lambda = 10.00000, score = 0.00000
sigma = 0.00100, lambda = 100.00000, score = 0.00000
sigma = 0.00100, lambda = 1000.00000, score = 0.00000
sigma = 0.00100, lambda = 10000.00000, score = 0.00000
sigma = 0.00100, lambda = 100000.00000, score = 0.00000
sigma = 0.00100, lambda = 1000000.00000, score = 0.00000
sigma = 0.00100, lambda = 10000000.00000, score = 0.00000
sigma = 0.00100, lambda = 100000000.00000, score = 0.00000
sigma = 0.00100, lambda = 1000000000.00000, score = 0.00000
sigma = 0.01000, lambda = 0.00100, score = -0.00000
sigma = 0.01000, lambda = 0.01000, score = -0.00000
sigma = 0.01000, lambda = 0.10000, score = -0.00000
sigma = 0.01000, lambda = 1.00000, score = -0.00000
sigma = 0.01000, lambda = 10.00000, score = -0.00000
sigma = 0.01000, lambda = 100.00000, score = -0.00000
sigma = 0.01000, lambda = 1000.00000, score = -0.00000
sigma = 0.01000, lambda = 10000.00000, score = -0.00000
sigma = 0.01000, lambda = 100000.00000, score = -0.00000
sigma = 0.01000, lambda = 1000000.00000, score = -0.00000
sigma = 0.01000, lambda = 10000000.00000, score = -0.00000
sigma = 0.01000, lambda = 100000000.00000, score = -0.00000
sigma = 0.01000, lambda = 1000000000.00000, score = -0.00000
sigma = 0.10000, lambda = 0.00100, score = -0.08207
sigma = 0.10000, lambda = 0.01000, score = -0.07798
sigma = 0.10000, lambda = 0.10000, score = -0.01002
sigma = 0.10000, lambda = 1.00000, score = -0.00103
sigma = 0.10000, lambda = 10.00000, score = -0.00010
sigma = 0.10000, lambda = 100.00000, score = -0.00001
sigma = 0.10000, lambda = 1000.00000, score = -0.00000
sigma = 0.10000, lambda = 10000.00000, score = -0.00000
sigma = 0.10000, lambda = 100000.00000, score = -0.00000
sigma = 0.10000, lambda = 1000000.00000, score = -0.00000
sigma = 0.10000, lambda = 10000000.00000, score = -0.00000
sigma = 0.10000, lambda = 100000000.00000, score = -0.00000
sigma = 0.10000, lambda = 1000000000.00000, score = -0.00000
sigma = 1.00000, lambda = 0.00100, score = 65.15174
sigma = 1.00000, lambda = 0.01000, score = 4.72608
sigma = 1.00000, lambda = 0.10000, score = -0.30437
sigma = 1.00000, lambda = 1.00000, score = -0.45937
sigma = 1.00000, lambda = 10.00000, score = -0.43627
sigma = 1.00000, lambda = 100.00000, score = -0.19907
sigma = 1.00000, lambda = 1000.00000, score = -0.02864
sigma = 1.00000, lambda = 10000.00000, score = -0.00299
sigma = 1.00000, lambda = 100000.00000, score = -0.00030
sigma = 1.00000, lambda = 1000000.00000, score = -0.00003
sigma = 1.00000, lambda = 10000000.00000, score = -0.00000
sigma = 1.00000, lambda = 100000000.00000, score = -0.00000
sigma = 1.00000, lambda = 1000000000.00000, score = -0.00000
sigma = 10.00000, lambda = 0.00100, score = 23.67885
sigma = 10.00000, lambda = 0.01000, score = -0.30457
sigma = 10.00000, lambda = 0.10000, score = -0.49954
sigma = 10.00000, lambda = 1.00000, score = -0.49946
sigma = 10.00000, lambda = 10.00000, score = -0.49502
sigma = 10.00000, lambda = 100.00000, score = -0.37245
sigma = 10.00000, lambda = 1000.00000, score = -0.08564
sigma = 10.00000, lambda = 10000.00000, score = -0.00971
sigma = 10.00000, lambda = 100000.00000, score = -0.00098
sigma = 10.00000, lambda = 1000000.00000, score = -0.00010
sigma = 10.00000, lambda = 10000000.00000, score = -0.00001
sigma = 10.00000, lambda = 100000000.00000, score = -0.00000
sigma = 10.00000, lambda = 1000000000.00000, score = -0.00000
sigma = 100.00000, lambda = 0.00100, score = -0.49999
sigma = 100.00000, lambda = 0.01000, score = -0.49999
sigma = 100.00000, lambda = 0.10000, score = -0.49998
sigma = 100.00000, lambda = 1.00000, score = -0.49990
sigma = 100.00000, lambda = 10.00000, score = -0.49555
sigma = 100.00000, lambda = 100.00000, score = -0.37446
sigma = 100.00000, lambda = 1000.00000, score = -0.08673
sigma = 100.00000, lambda = 10000.00000, score = -0.00985
sigma = 100.00000, lambda = 100000.00000, score = -0.00100
sigma = 100.00000, lambda = 1000000.00000, score = -0.00010
sigma = 100.00000, lambda = 10000000.00000, score = -0.00001
sigma = 100.00000, lambda = 100000000.00000, score = -0.00000
sigma = 100.00000, lambda = 1000000000.00000, score = -0.00000
sigma = 1000.00000, lambda = 0.00100, score = -0.49999
sigma = 1000.00000, lambda = 0.01000, score = -0.49999
sigma = 1000.00000, lambda = 0.10000, score = -0.49999
sigma = 1000.00000, lambda = 1.00000, score = -0.49990
sigma = 1000.00000, lambda = 10.00000, score = -0.49555
sigma = 1000.00000, lambda = 100.00000, score = -0.37448
sigma = 1000.00000, lambda = 1000.00000, score = -0.08675
sigma = 1000.00000, lambda = 10000.00000, score = -0.00985
sigma = 1000.00000, lambda = 100000.00000, score = -0.00100
sigma = 1000.00000, lambda = 1000000.00000, score = -0.00010
sigma = 1000.00000, lambda = 10000000.00000, score = -0.00001
sigma = 1000.00000, lambda = 100000000.00000, score = -0.00000
sigma = 1000.00000, lambda = 1000000000.00000, score = -0.00000
sigma = 10000.00000, lambda = 0.00100, score = -0.49999
sigma = 10000.00000, lambda = 0.01000, score = -0.49999
sigma = 10000.00000, lambda = 0.10000, score = -0.49999
sigma = 10000.00000, lambda = 1.00000, score = -0.49990
sigma = 10000.00000, lambda = 10.00000, score = -0.49555
sigma = 10000.00000, lambda = 100.00000, score = -0.37448
sigma = 10000.00000, lambda = 1000.00000, score = -0.08675
sigma = 10000.00000, lambda = 10000.00000, score = -0.00985
sigma = 10000.00000, lambda = 100000.00000, score = -0.00100
sigma = 10000.00000, lambda = 1000000.00000, score = -0.00010
sigma = 10000.00000, lambda = 10000000.00000, score = -0.00001
sigma = 10000.00000, lambda = 100000000.00000, score = -0.00000
sigma = 10000.00000, lambda = 1000000000.00000, score = -0.00000
sigma = 100000.00000, lambda = 0.00100, score = -0.49999
sigma = 100000.00000, lambda = 0.01000, score = -0.49999
sigma = 100000.00000, lambda = 0.10000, score = -0.49999
sigma = 100000.00000, lambda = 1.00000, score = -0.49990
sigma = 100000.00000, lambda = 10.00000, score = -0.49555
sigma = 10000000.00000, lambda = 100000000.00000, score = -0.00000
sigma = 10000000.00000, lambda = 1000000000.00000, score = -0.00000
sigma = 100000000.00000, lambda = 0.00100, score = -0.49999
sigma = 100000000.00000, lambda = 0.01000, score = -0.49999
sigma = 100000000.00000, lambda = 0.10000, score = -0.49999
sigma = 100000000.00000, lambda = 1.00000, score = -0.49990
sigma = 100000000.00000, lambda = 10.00000, score = -0.49555
sigma = 100000000.00000, lambda = 100.00000, score = -0.37448
sigma = 100000000.00000, lambda = 1000.00000, score = -0.08675
sigma = 100000000.00000, lambda = 10000.00000, score = -0.00985
sigma = 100000000.00000, lambda = 100000.00000, score = -0.00100
sigma = 100000000.00000, lambda = 1000000.00000, score = -0.00010
sigma = 100000000.00000, lambda = 10000000.00000, score = -0.00001
sigma = 100000000.00000, lambda = 100000000.00000, score = -0.00000
sigma = 100000000.00000, lambda = 1000000000.00000, score = -0.00000
sigma = 1000000000.00000, lambda = 0.00100, score = -0.49999
sigma = 1000000000.00000, lambda = 0.01000, score = -0.49999
sigma = 1000000000.00000, lambda = 0.10000, score = -0.49999
sigma = 1000000000.00000, lambda = 1.00000, score = -0.49990
sigma = 1000000000.00000, lambda = 10.00000, score = -0.49555
sigma = 1000000000.00000, lambda = 100.00000, score = -0.37448
sigma = 1000000000.00000, lambda = 1000.00000, score = -0.08675
sigma = 1000000000.00000, lambda = 10000.00000, score = -0.00985
sigma = 1000000000.00000, lambda = 100000.00000, score = -0.00100
sigma = 1000000000.00000, lambda = 1000000.00000, score = -0.00010
sigma = 1000000000.00000, lambda = 10000000.00000, score = -0.00001
sigma = 1000000000.00000, lambda = 100000000.00000, score = -0.00000
sigma = 1000000000.00000, lambda = 1000000000.00000, score = -0.00000
Found optimal sigma = 10.000, lambda = 0.100.
Optimizing theta...
Approximate alpha-relative PE-divergence = 0.17
Approximate alpha-relative KL-divergence = -0.00
RuLSIF completed.
RuLSIF starting...
Searching for the optimal sigma and lambda...
sigma = 0.00100, lambda = 0.00100, score = 0.00000
sigma = 0.00100, lambda = 0.01000, score = 0.00000
sigma = 0.00100, lambda = 0.10000, score = 0.00000
sigma = 0.00100, lambda = 1.00000, score = 0.00000
sigma = 0.00100, lambda = 10.00000, score = 0.00000
sigma = 0.00100, lambda = 100.00000, score = 0.00000
sigma = 0.00100, lambda = 1000.00000, score = 0.00000
sigma = 0.00100, lambda = 10000.00000, score = 0.00000
sigma = 0.00100, lambda = 100000.00000, score = 0.00000
sigma = 0.00100, lambda = 1000000.00000, score = 0.00000
sigma = 0.00100, lambda = 10000000.00000, score = 0.00000
sigma = 0.00100, lambda = 100000000.00000, score = 0.00000
sigma = 0.00100, lambda = 1000000000.00000, score = 0.00000
sigma = 0.01000, lambda = 0.00100, score = 0.00037
sigma = 0.01000, lambda = 0.01000, score = 0.00000
sigma = 0.01000, lambda = 0.10000, score = 0.00000
sigma = 0.01000, lambda = 1.00000, score = 0.00000
sigma = 0.01000, lambda = 10.00000, score = 0.00000
sigma = 0.01000, lambda = 100.00000, score = 0.00000
sigma = 0.01000, lambda = 1000.00000, score = 0.00000
sigma = 0.01000, lambda = 10000.00000, score = 0.00000
sigma = 0.01000, lambda = 100000.00000, score = 0.00000
sigma = 0.01000, lambda = 1000000.00000, score = 0.00000
sigma = 0.01000, lambda = 10000000.00000, score = 0.00000
sigma = 0.01000, lambda = 100000000.00000, score = 0.00000
sigma = 0.01000, lambda = 1000000000.00000, score = 0.00000
sigma = 0.10000, lambda = 0.00100, score = 0.08180
sigma = 0.10000, lambda = 0.01000, score = -0.06252
sigma = 0.10000, lambda = 0.10000, score = -0.00964
sigma = 0.10000, lambda = 1.00000, score = -0.00102
sigma = 0.10000, lambda = 10.00000, score = -0.00010
sigma = 0.10000, lambda = 100.00000, score = -0.00001
sigma = 0.10000, lambda = 1000.00000, score = -0.00000
sigma = 0.10000, lambda = 10000.00000, score = -0.00000
sigma = 0.10000, lambda = 100000.00000, score = -0.00000
sigma = 0.10000, lambda = 1000000.00000, score = -0.00000
sigma = 0.10000, lambda = 10000000.00000, score = -0.00000
sigma = 0.10000, lambda = 100000000.00000, score = -0.00000
sigma = 0.10000, lambda = 1000000000.00000, score = -0.00000
sigma = 1.00000, lambda = 0.00100, score = 106.06286
sigma = 1.00000, lambda = 0.01000, score = 8.47193
sigma = 1.00000, lambda = 0.10000, score = -0.27336
sigma = 1.00000, lambda = 1.00000, score = -0.46253
sigma = 1.00000, lambda = 10.00000, score = -0.43685
sigma = 1.00000, lambda = 100.00000, score = -0.19671
sigma = 1.00000, lambda = 1000.00000, score = -0.02812
sigma = 1.00000, lambda = 10000.00000, score = -0.00293
sigma = 1.00000, lambda = 100000.00000, score = -0.00029
sigma = 1.00000, lambda = 1000000.00000, score = -0.00003
sigma = 1.00000, lambda = 10000000.00000, score = -0.00000
sigma = 1.00000, lambda = 100000000.00000, score = -0.00000
sigma = 1.00000, lambda = 1000000000.00000, score = -0.00000
sigma = 10.00000, lambda = 0.00100, score = 11.09448
sigma = 10.00000, lambda = 0.01000, score = -0.33891
sigma = 10.00000, lambda = 0.10000, score = -0.49945
sigma = 10.00000, lambda = 1.00000, score = -0.49947
sigma = 10.00000, lambda = 10.00000, score = -0.49503
sigma = 10.00000, lambda = 100.00000, score = -0.37238
sigma = 10.00000, lambda = 1000.00000, score = -0.08560
sigma = 10.00000, lambda = 10000.00000, score = -0.00970
sigma = 10.00000, lambda = 100000.00000, score = -0.00098
sigma = 10.00000, lambda = 1000000.00000, score = -0.00010
sigma = 10.00000, lambda = 10000000.00000, score = -0.00001
sigma = 10.00000, lambda = 100000000.00000, score = -0.00000
sigma = 10.00000, lambda = 1000000000.00000, score = -0.00000
sigma = 100.00000, lambda = 0.00100, score = -0.49999
sigma = 100.00000, lambda = 0.01000, score = -0.49999
sigma = 100.00000, lambda = 0.10000, score = -0.49998
sigma = 100.00000, lambda = 1.00000, score = -0.49990
sigma = 100.00000, lambda = 10.00000, score = -0.49555
sigma = 100.00000, lambda = 100.00000, score = -0.37446
sigma = 100.00000, lambda = 1000.00000, score = -0.08673
sigma = 100.00000, lambda = 10000.00000, score = -0.00985
sigma = 100.00000, lambda = 100000.00000, score = -0.00100
sigma = 100.00000, lambda = 1000000.00000, score = -0.00010
sigma = 100.00000, lambda = 10000000.00000, score = -0.00001
sigma = 100.00000, lambda = 100000000.00000, score = -0.00000
sigma = 100.00000, lambda = 1000000000.00000, score = -0.00000
sigma = 1000.00000, lambda = 0.00100, score = -0.49999
sigma = 1000.00000, lambda = 0.01000, score = -0.49999
sigma = 1000.00000, lambda = 0.10000, score = -0.49999
sigma = 1000.00000, lambda = 1.00000, score = -0.49990
sigma = 1000.00000, lambda = 10.00000, score = -0.49555
sigma = 1000.00000, lambda = 100.00000, score = -0.37448
sigma = 1000.00000, lambda = 1000.00000, score = -0.08675
sigma = 1000.00000, lambda = 10000.00000, score = -0.00985
sigma = 1000.00000, lambda = 100000.00000, score = -0.00100
sigma = 1000.00000, lambda = 1000000.00000, score = -0.00010
sigma = 1000.00000, lambda = 10000000.00000, score = -0.00001
sigma = 1000.00000, lambda = 100000000.00000, score = -0.00000
sigma = 1000.00000, lambda = 1000000000.00000, score = -0.00000
sigma = 10000.00000, lambda = 0.00100, score = -0.49999
sigma = 10000.00000, lambda = 0.01000, score = -0.49999
sigma = 10000.00000, lambda = 0.10000, score = -0.49999
sigma = 10000.00000, lambda = 1.00000, score = -0.49990
sigma = 10000.00000, lambda = 10.00000, score = -0.49555
sigma = 10000.00000, lambda = 100.00000, score = -0.37448
sigma = 10000.00000, lambda = 1000.00000, score = -0.08675
sigma = 10000.00000, lambda = 10000.00000, score = -0.00985
sigma = 10000.00000, lambda = 100000.00000, score = -0.00100
sigma = 10000.00000, lambda = 1000000.00000, score = -0.00010
sigma = 10000.00000, lambda = 10000000.00000, score = -0.00001
sigma = 10000.00000, lambda = 100000000.00000, score = -0.00000
sigma = 10000.00000, lambda = 1000000000.00000, score = -0.00000
sigma = 100000.00000, lambda = 0.00100, score = -0.49999
sigma = 100000.00000, lambda = 0.01000, score = -0.49999
sigma = 100000.00000, lambda = 0.10000, score = -0.49999
sigma = 100000.00000, lambda = 1.00000, score = -0.49990
sigma = 100000.00000, lambda = 10.00000, score = -0.49522
sigma = 10000000.00000, lambda = 100000000.00000, score = -0.00000
sigma = 10000000.00000, lambda = 1000000000.00000, score = -0.00000
sigma = 100000000.00000, lambda = 0.00100, score = -0.49997
sigma = 100000000.00000, lambda = 0.01000, score = -0.49996
sigma = 100000000.00000, lambda = 0.10000, score = -0.49996
sigma = 100000000.00000, lambda = 1.00000, score = -0.49984
sigma = 100000000.00000, lambda = 10.00000, score = -0.49522
sigma = 100000000.00000, lambda = 100.00000, score = -0.37395
sigma = 100000000.00000, lambda = 1000.00000, score = -0.08671
sigma = 100000000.00000, lambda = 10000.00000, score = -0.00985
sigma = 100000000.00000, lambda = 100000.00000, score = -0.00100
sigma = 100000000.00000, lambda = 1000000.00000, score = -0.00010
sigma = 100000000.00000, lambda = 10000000.00000, score = -0.00001
sigma = 100000000.00000, lambda = 100000000.00000, score = -0.00000
sigma = 100000000.00000, lambda = 1000000000.00000, score = -0.00000
sigma = 1000000000.00000, lambda = 0.00100, score = -0.49997
sigma = 1000000000.00000, lambda = 0.01000, score = -0.49996
sigma = 1000000000.00000, lambda = 0.10000, score = -0.49996
sigma = 1000000000.00000, lambda = 1.00000, score = -0.49984
sigma = 1000000000.00000, lambda = 10.00000, score = -0.49522
sigma = 1000000000.00000, lambda = 100.00000, score = -0.37395
sigma = 1000000000.00000, lambda = 1000.00000, score = -0.08671
sigma = 1000000000.00000, lambda = 10000.00000, score = -0.00985
sigma = 1000000000.00000, lambda = 100000.00000, score = -0.00100
sigma = 1000000000.00000, lambda = 1000000.00000, score = -0.00010
sigma = 1000000000.00000, lambda = 10000000.00000, score = -0.00001
sigma = 1000000000.00000, lambda = 100000000.00000, score = -0.00000
sigma = 1000000000.00000, lambda = 1000000000.00000, score = -0.00000
Found optimal sigma = 10000000.000, lambda = 0.001.
Optimizing theta...
Approximate alpha-relative PE-divergence = -0.67
Approximate alpha-relative KL-divergence = -0.00
RuLSIF completed.
RuLSIF starting...
Searching for the optimal sigma and lambda...
sigma = 0.00100, lambda = 0.00100, score = 0.00000
sigma = 0.00100, lambda = 0.01000, score = 0.00000
sigma = 0.00100, lambda = 0.10000, score = 0.00000
sigma = 0.00100, lambda = 1.00000, score = 0.00000
sigma = 0.00100, lambda = 10.00000, score = 0.00000
sigma = 0.00100, lambda = 100.00000, score = 0.00000
sigma = 0.00100, lambda = 1000.00000, score = 0.00000
sigma = 0.00100, lambda = 10000.00000, score = 0.00000
sigma = 0.00100, lambda = 100000.00000, score = 0.00000
sigma = 0.00100, lambda = 1000000.00000, score = 0.00000
sigma = 0.00100, lambda = 10000000.00000, score = 0.00000
sigma = 0.00100, lambda = 100000000.00000, score = 0.00000
sigma = 0.00100, lambda = 1000000000.00000, score = 0.00000
sigma = 0.01000, lambda = 0.00100, score = 0.00000
sigma = 0.01000, lambda = 0.01000, score = 0.00000
sigma = 0.01000, lambda = 0.10000, score = 0.00000
sigma = 0.01000, lambda = 1.00000, score = 0.00000
sigma = 0.01000, lambda = 10.00000, score = 0.00000
sigma = 0.01000, lambda = 100.00000, score = 0.00000
sigma = 0.01000, lambda = 1000.00000, score = 0.00000
sigma = 0.01000, lambda = 10000.00000, score = 0.00000
sigma = 0.01000, lambda = 100000.00000, score = 0.00000
sigma = 0.01000, lambda = 1000000.00000, score = 0.00000
sigma = 0.01000, lambda = 10000000.00000, score = -0.00000
sigma = 0.01000, lambda = 100000000.00000, score = -0.00000
sigma = 0.01000, lambda = 1000000000.00000, score = -0.00000
sigma = 0.10000, lambda = 0.00100, score = -0.47336
sigma = 0.10000, lambda = 0.01000, score = -0.18158
sigma = 0.10000, lambda = 0.10000, score = -0.02311
sigma = 0.10000, lambda = 1.00000, score = -0.00238
sigma = 0.10000, lambda = 10.00000, score = -0.00024
sigma = 0.10000, lambda = 100.00000, score = -0.00002
sigma = 0.10000, lambda = 1000.00000, score = -0.00000
sigma = 0.10000, lambda = 10000.00000, score = -0.00000
sigma = 0.10000, lambda = 100000.00000, score = -0.00000
sigma = 0.10000, lambda = 1000000.00000, score = -0.00000
sigma = 0.10000, lambda = 10000000.00000, score = -0.00000
sigma = 0.10000, lambda = 100000000.00000, score = -0.00000
sigma = 0.10000, lambda = 1000000000.00000, score = -0.00000
sigma = 1.00000, lambda = 0.00100, score = 124.29897
sigma = 1.00000, lambda = 0.01000, score = 6.05908
sigma = 1.00000, lambda = 0.10000, score = -0.34557
sigma = 1.00000, lambda = 1.00000, score = -0.54655
sigma = 1.00000, lambda = 10.00000, score = -0.49717
sigma = 1.00000, lambda = 100.00000, score = -0.20951
sigma = 1.00000, lambda = 1000.00000, score = -0.02915
sigma = 1.00000, lambda = 10000.00000, score = -0.00303
sigma = 1.00000, lambda = 100000.00000, score = -0.00030
sigma = 1.00000, lambda = 1000000.00000, score = -0.00003
sigma = 1.00000, lambda = 10000000.00000, score = -0.00000
sigma = 1.00000, lambda = 100000000.00000, score = -0.00000
sigma = 1.00000, lambda = 1000000000.00000, score = -0.00000
sigma = 10.00000, lambda = 0.00100, score = 68.39810
sigma = 10.00000, lambda = 0.01000, score = 0.00375
sigma = 10.00000, lambda = 0.10000, score = -0.50076
sigma = 10.00000, lambda = 1.00000, score = -0.50060
sigma = 10.00000, lambda = 10.00000, score = -0.49580
sigma = 10.00000, lambda = 100.00000, score = -0.37240
sigma = 10.00000, lambda = 1000.00000, score = -0.08561
sigma = 10.00000, lambda = 10000.00000, score = -0.00971
sigma = 10.00000, lambda = 100000.00000, score = -0.00098
sigma = 10.00000, lambda = 1000000.00000, score = -0.00010
sigma = 10.00000, lambda = 10000000.00000, score = -0.00001
sigma = 10.00000, lambda = 100000000.00000, score = -0.00000
sigma = 10.00000, lambda = 1000000000.00000, score = -0.00000
sigma = 100.00000, lambda = 0.00100, score = -0.49998
sigma = 100.00000, lambda = 0.01000, score = -0.49997
sigma = 100.00000, lambda = 0.10000, score = -0.49996
sigma = 100.00000, lambda = 1.00000, score = -0.49984
sigma = 100.00000, lambda = 10.00000, score = -0.49522
sigma = 100.00000, lambda = 100.00000, score = -0.37394
sigma = 100.00000, lambda = 1000.00000, score = -0.08670
sigma = 100.00000, lambda = 10000.00000, score = -0.00985
sigma = 100.00000, lambda = 100000.00000, score = -0.00100
sigma = 100.00000, lambda = 1000000.00000, score = -0.00010
sigma = 100.00000, lambda = 10000000.00000, score = -0.00001
sigma = 100.00000, lambda = 100000000.00000, score = -0.00000
sigma = 100.00000, lambda = 1000000000.00000, score = -0.00000
sigma = 1000.00000, lambda = 0.00100, score = -0.49997
sigma = 1000.00000, lambda = 0.01000, score = -0.49996
sigma = 1000.00000, lambda = 0.10000, score = -0.49996
sigma = 1000.00000, lambda = 1.00000, score = -0.49984
sigma = 1000.00000, lambda = 10.00000, score = -0.49522
sigma = 1000.00000, lambda = 100.00000, score = -0.37395
sigma = 1000.00000, lambda = 1000.00000, score = -0.08671
sigma = 1000.00000, lambda = 10000.00000, score = -0.00985
sigma = 1000.00000, lambda = 100000.00000, score = -0.00100
sigma = 1000.00000, lambda = 1000000.00000, score = -0.00010
sigma = 1000.00000, lambda = 10000000.00000, score = -0.00001
sigma = 1000.00000, lambda = 100000000.00000, score = -0.00000
sigma = 1000.00000, lambda = 1000000000.00000, score = -0.00000
sigma = 10000.00000, lambda = 0.00100, score = -0.49997
sigma = 10000.00000, lambda = 0.01000, score = -0.49996
sigma = 10000.00000, lambda = 0.10000, score = -0.49996
sigma = 10000.00000, lambda = 1.00000, score = -0.49984
sigma = 10000.00000, lambda = 10.00000, score = -0.49522
sigma = 10000.00000, lambda = 100.00000, score = -0.37395
sigma = 10000.00000, lambda = 1000.00000, score = -0.08671
sigma = 10000.00000, lambda = 10000.00000, score = -0.00985
sigma = 10000.00000, lambda = 100000.00000, score = -0.00100
sigma = 10000.00000, lambda = 1000000.00000, score = -0.00010
sigma = 10000.00000, lambda = 10000000.00000, score = -0.00001
sigma = 10000.00000, lambda = 100000000.00000, score = -0.00000
sigma = 10000.00000, lambda = 1000000000.00000, score = -0.00000
sigma = 100000.00000, lambda = 0.00100, score = -0.49997
sigma = 100000.00000, lambda = 0.01000, score = -0.49996
sigma = 100000.00000, lambda = 0.10000, score = -0.49996
sigma = 100000.00000, lambda = 1.00000, score = -0.49984
